<?xml version="1.0" encoding="UTF-8"?>
<!-- Generated by org.testng.reporters.JUnitReportReporter -->
<testsuite hostname="thecanbutler.local" name="com.model.LandingPage" tests="4" failures="0" timestamp="21 Nov 2015 12:59:44 GMT" time="0.082" errors="4">
  <testcase name="loginWordpress" time="0.016" classname="com.model.LandingPage">
    <error type="org.openqa.selenium.NoSuchWindowException" message="Window not found. The browser window may have been closed.
Command duration or timeout: 16 milliseconds
Build info: version: &#039;2.47.1&#039;, revision: &#039;411b314&#039;, time: &#039;2015-07-30 02:56:46&#039;
System info: host: &#039;thecanbutler.local&#039;, ip: &#039;10.0.0.5&#039;, os.name: &#039;Mac OS X&#039;, os.arch: &#039;x86_64&#039;, os.version: &#039;10.11.1&#039;, java.version: &#039;1.8.0_31&#039;
Driver info: org.openqa.selenium.firefox.FirefoxDriver
Capabilities [{applicationCacheEnabled=true, rotatable=false, handlesAlerts=true, databaseEnabled=true, version=38.0.5, platform=MAC, nativeEvents=false, acceptSslCerts=true, webStorageEnabled=true, locationContextEnabled=true, browserName=firefox, takesScreenshot=true, javascriptEnabled=true, cssSelectorsEnabled=true}]
Session ID: f8e226f4-dfeb-8c41-b4b0-99d5eeb81b0d">
      <![CDATA[org.openqa.selenium.NoSuchWindowException: Window not found. The browser window may have been closed.
Command duration or timeout: 16 milliseconds
Build info: version: '2.47.1', revision: '411b314', time: '2015-07-30 02:56:46'
System info: host: 'thecanbutler.local', ip: '10.0.0.5', os.name: 'Mac OS X', os.arch: 'x86_64', os.version: '10.11.1', java.version: '1.8.0_31'
Driver info: org.openqa.selenium.firefox.FirefoxDriver
Capabilities [{applicationCacheEnabled=true, rotatable=false, handlesAlerts=true, databaseEnabled=true, version=38.0.5, platform=MAC, nativeEvents=false, acceptSslCerts=true, webStorageEnabled=true, locationContextEnabled=true, browserName=firefox, takesScreenshot=true, javascriptEnabled=true, cssSelectorsEnabled=true}]
Session ID: f8e226f4-dfeb-8c41-b4b0-99d5eeb81b0d
	at sun.reflect.NativeConstructorAccessorImpl.newInstance0(Native Method)
	at sun.reflect.NativeConstructorAccessorImpl.newInstance(NativeConstructorAccessorImpl.java:62)
	at sun.reflect.DelegatingConstructorAccessorImpl.newInstance(DelegatingConstructorAccessorImpl.java:45)
	at java.lang.reflect.Constructor.newInstance(Constructor.java:408)
	at org.openqa.selenium.remote.ErrorHandler.createThrowable(ErrorHandler.java:206)
	at org.openqa.selenium.remote.ErrorHandler.throwIfResponseFailed(ErrorHandler.java:158)
	at org.openqa.selenium.remote.RemoteWebDriver.execute(RemoteWebDriver.java:595)
	at org.openqa.selenium.remote.RemoteWebDriver$RemoteWebDriverOptions$RemoteWindow.maximize(RemoteWebDriver.java:833)
	at com.model.LandingPage.loginWordpress(LandingPage.java:19)
	at sun.reflect.NativeMethodAccessorImpl.invoke0(Native Method)
	at sun.reflect.NativeMethodAccessorImpl.invoke(NativeMethodAccessorImpl.java:62)
	at sun.reflect.DelegatingMethodAccessorImpl.invoke(DelegatingMethodAccessorImpl.java:43)
	at java.lang.reflect.Method.invoke(Method.java:483)
	at org.testng.internal.MethodInvocationHelper.invokeMethod(MethodInvocationHelper.java:85)
	at org.testng.internal.Invoker.invokeMethod(Invoker.java:639)
	at org.testng.internal.Invoker.invokeTestMethod(Invoker.java:816)
	at org.testng.internal.Invoker.invokeTestMethods(Invoker.java:1124)
	at org.testng.internal.TestMethodWorker.invokeTestMethods(TestMethodWorker.java:124)
	at org.testng.internal.TestMethodWorker.run(TestMethodWorker.java:108)
	at org.testng.TestRunner.privateRun(TestRunner.java:773)
	at org.testng.TestRunner.run(TestRunner.java:623)
	at org.testng.SuiteRunner.runTest(SuiteRunner.java:359)
	at org.testng.SuiteRunner.runSequentially(SuiteRunner.java:354)
	at org.testng.SuiteRunner.privateRun(SuiteRunner.java:312)
	at org.testng.SuiteRunner.run(SuiteRunner.java:261)
	at org.testng.SuiteRunnerWorker.runSuite(SuiteRunnerWorker.java:52)
	at org.testng.SuiteRunnerWorker.run(SuiteRunnerWorker.java:86)
	at org.testng.TestNG.runSuitesSequentially(TestNG.java:1185)
	at org.testng.TestNG.runSuitesLocally(TestNG.java:1110)
	at org.testng.TestNG.run(TestNG.java:1018)
	at org.testng.remote.RemoteTestNG.run(RemoteTestNG.java:112)
	at org.testng.remote.RemoteTestNG.initAndRun(RemoteTestNG.java:205)
	at org.testng.remote.RemoteTestNG.main(RemoteTestNG.java:176)
Caused by: org.openqa.selenium.NoSuchWindowException: Window not found. The browser window may have been closed.
Build info: version: '2.47.1', revision: '411b314', time: '2015-07-30 02:56:46'
System info: host: 'thecanbutler.local', ip: '10.0.0.5', os.name: 'Mac OS X', os.arch: 'x86_64', os.version: '10.11.1', java.version: '1.8.0_31'
Driver info: driver.version: unknown
	at <anonymous class>.nsCommandProcessor.prototype.execute(file:///var/folders/k6/507x0h4145jcr2dx9xx7wy_80000gn/T/anonymous8157604146577728969webdriver-profile/extensions/fxdriver@googlecode.com/components/command-processor.js:12711)
	at <anonymous class>.Dispatcher.executeAs/<(file:///var/folders/k6/507x0h4145jcr2dx9xx7wy_80000gn/T/anonymous8157604146577728969webdriver-profile/extensions/fxdriver@googlecode.com/components/driver-component.js:9456)
	at <anonymous class>.Resource.prototype.handle(file:///var/folders/k6/507x0h4145jcr2dx9xx7wy_80000gn/T/anonymous8157604146577728969webdriver-profile/extensions/fxdriver@googlecode.com/components/driver-component.js:9603)
	at <anonymous class>.Dispatcher.prototype.dispatch(file:///var/folders/k6/507x0h4145jcr2dx9xx7wy_80000gn/T/anonymous8157604146577728969webdriver-profile/extensions/fxdriver@googlecode.com/components/driver-component.js:9550)
	at <anonymous class>.WebDriverServer/<.handle(file:///var/folders/k6/507x0h4145jcr2dx9xx7wy_80000gn/T/anonymous8157604146577728969webdriver-profile/extensions/fxdriver@googlecode.com/components/driver-component.js:12497)
	at <anonymous class>.createHandlerFunc/<(file:///var/folders/k6/507x0h4145jcr2dx9xx7wy_80000gn/T/anonymous8157604146577728969webdriver-profile/extensions/fxdriver@googlecode.com/components/httpd.js:2054)
	at <anonymous class>.ServerHandler.prototype.handleResponse(file:///var/folders/k6/507x0h4145jcr2dx9xx7wy_80000gn/T/anonymous8157604146577728969webdriver-profile/extensions/fxdriver@googlecode.com/components/httpd.js:2387)
	at <anonymous class>.Connection.prototype.process(file:///var/folders/k6/507x0h4145jcr2dx9xx7wy_80000gn/T/anonymous8157604146577728969webdriver-profile/extensions/fxdriver@googlecode.com/components/httpd.js:1223)
	at <anonymous class>.RequestReader.prototype._handleResponse(file:///var/folders/k6/507x0h4145jcr2dx9xx7wy_80000gn/T/anonymous8157604146577728969webdriver-profile/extensions/fxdriver@googlecode.com/components/httpd.js:1677)
	at <anonymous class>.RequestReader.prototype._processBody(file:///var/folders/k6/507x0h4145jcr2dx9xx7wy_80000gn/T/anonymous8157604146577728969webdriver-profile/extensions/fxdriver@googlecode.com/components/httpd.js:1525)
	at <anonymous class>.RequestReader.prototype.onInputStreamReady(file:///var/folders/k6/507x0h4145jcr2dx9xx7wy_80000gn/T/anonymous8157604146577728969webdriver-profile/extensions/fxdriver@googlecode.com/components/httpd.js:1393)
]]>
    </error>
  </testcase> <!-- loginWordpress -->
  <testcase name="loginWordpress" time="0.024" classname="com.model.LandingPage">
    <error type="org.openqa.selenium.NoSuchWindowException" message="Window not found. The browser window may have been closed.
Command duration or timeout: 23 milliseconds
Build info: version: &#039;2.47.1&#039;, revision: &#039;411b314&#039;, time: &#039;2015-07-30 02:56:46&#039;
System info: host: &#039;thecanbutler.local&#039;, ip: &#039;10.0.0.5&#039;, os.name: &#039;Mac OS X&#039;, os.arch: &#039;x86_64&#039;, os.version: &#039;10.11.1&#039;, java.version: &#039;1.8.0_31&#039;
Driver info: org.openqa.selenium.firefox.FirefoxDriver
Capabilities [{applicationCacheEnabled=true, rotatable=false, handlesAlerts=true, databaseEnabled=true, version=38.0.5, platform=MAC, nativeEvents=false, acceptSslCerts=true, webStorageEnabled=true, locationContextEnabled=true, browserName=firefox, takesScreenshot=true, javascriptEnabled=true, cssSelectorsEnabled=true}]
Session ID: f8e226f4-dfeb-8c41-b4b0-99d5eeb81b0d">
      <![CDATA[org.openqa.selenium.NoSuchWindowException: Window not found. The browser window may have been closed.
Command duration or timeout: 23 milliseconds
Build info: version: '2.47.1', revision: '411b314', time: '2015-07-30 02:56:46'
System info: host: 'thecanbutler.local', ip: '10.0.0.5', os.name: 'Mac OS X', os.arch: 'x86_64', os.version: '10.11.1', java.version: '1.8.0_31'
Driver info: org.openqa.selenium.firefox.FirefoxDriver
Capabilities [{applicationCacheEnabled=true, rotatable=false, handlesAlerts=true, databaseEnabled=true, version=38.0.5, platform=MAC, nativeEvents=false, acceptSslCerts=true, webStorageEnabled=true, locationContextEnabled=true, browserName=firefox, takesScreenshot=true, javascriptEnabled=true, cssSelectorsEnabled=true}]
Session ID: f8e226f4-dfeb-8c41-b4b0-99d5eeb81b0d
	at sun.reflect.NativeConstructorAccessorImpl.newInstance0(Native Method)
	at sun.reflect.NativeConstructorAccessorImpl.newInstance(NativeConstructorAccessorImpl.java:62)
	at sun.reflect.DelegatingConstructorAccessorImpl.newInstance(DelegatingConstructorAccessorImpl.java:45)
	at java.lang.reflect.Constructor.newInstance(Constructor.java:408)
	at org.openqa.selenium.remote.ErrorHandler.createThrowable(ErrorHandler.java:206)
	at org.openqa.selenium.remote.ErrorHandler.throwIfResponseFailed(ErrorHandler.java:158)
	at org.openqa.selenium.remote.RemoteWebDriver.execute(RemoteWebDriver.java:595)
	at org.openqa.selenium.remote.RemoteWebDriver$RemoteWebDriverOptions$RemoteWindow.maximize(RemoteWebDriver.java:833)
	at com.model.LandingPage.loginWordpress(LandingPage.java:19)
	at sun.reflect.NativeMethodAccessorImpl.invoke0(Native Method)
	at sun.reflect.NativeMethodAccessorImpl.invoke(NativeMethodAccessorImpl.java:62)
	at sun.reflect.DelegatingMethodAccessorImpl.invoke(DelegatingMethodAccessorImpl.java:43)
	at java.lang.reflect.Method.invoke(Method.java:483)
	at org.testng.internal.MethodInvocationHelper.invokeMethod(MethodInvocationHelper.java:85)
	at org.testng.internal.Invoker.invokeMethod(Invoker.java:639)
	at org.testng.internal.Invoker.invokeTestMethod(Invoker.java:816)
	at org.testng.internal.Invoker.invokeTestMethods(Invoker.java:1124)
	at org.testng.internal.TestMethodWorker.invokeTestMethods(TestMethodWorker.java:124)
	at org.testng.internal.TestMethodWorker.run(TestMethodWorker.java:108)
	at org.testng.TestRunner.privateRun(TestRunner.java:773)
	at org.testng.TestRunner.run(TestRunner.java:623)
	at org.testng.SuiteRunner.runTest(SuiteRunner.java:359)
	at org.testng.SuiteRunner.runSequentially(SuiteRunner.java:354)
	at org.testng.SuiteRunner.privateRun(SuiteRunner.java:312)
	at org.testng.SuiteRunner.run(SuiteRunner.java:261)
	at org.testng.SuiteRunnerWorker.runSuite(SuiteRunnerWorker.java:52)
	at org.testng.SuiteRunnerWorker.run(SuiteRunnerWorker.java:86)
	at org.testng.TestNG.runSuitesSequentially(TestNG.java:1185)
	at org.testng.TestNG.runSuitesLocally(TestNG.java:1110)
	at org.testng.TestNG.run(TestNG.java:1018)
	at org.testng.remote.RemoteTestNG.run(RemoteTestNG.java:112)
	at org.testng.remote.RemoteTestNG.initAndRun(RemoteTestNG.java:205)
	at org.testng.remote.RemoteTestNG.main(RemoteTestNG.java:176)
Caused by: org.openqa.selenium.NoSuchWindowException: Window not found. The browser window may have been closed.
Build info: version: '2.47.1', revision: '411b314', time: '2015-07-30 02:56:46'
System info: host: 'thecanbutler.local', ip: '10.0.0.5', os.name: 'Mac OS X', os.arch: 'x86_64', os.version: '10.11.1', java.version: '1.8.0_31'
Driver info: driver.version: unknown
	at <anonymous class>.nsCommandProcessor.prototype.execute(file:///var/folders/k6/507x0h4145jcr2dx9xx7wy_80000gn/T/anonymous8157604146577728969webdriver-profile/extensions/fxdriver@googlecode.com/components/command-processor.js:12711)
	at <anonymous class>.Dispatcher.executeAs/<(file:///var/folders/k6/507x0h4145jcr2dx9xx7wy_80000gn/T/anonymous8157604146577728969webdriver-profile/extensions/fxdriver@googlecode.com/components/driver-component.js:9456)
	at <anonymous class>.Resource.prototype.handle(file:///var/folders/k6/507x0h4145jcr2dx9xx7wy_80000gn/T/anonymous8157604146577728969webdriver-profile/extensions/fxdriver@googlecode.com/components/driver-component.js:9603)
	at <anonymous class>.Dispatcher.prototype.dispatch(file:///var/folders/k6/507x0h4145jcr2dx9xx7wy_80000gn/T/anonymous8157604146577728969webdriver-profile/extensions/fxdriver@googlecode.com/components/driver-component.js:9550)
	at <anonymous class>.WebDriverServer/<.handle(file:///var/folders/k6/507x0h4145jcr2dx9xx7wy_80000gn/T/anonymous8157604146577728969webdriver-profile/extensions/fxdriver@googlecode.com/components/driver-component.js:12497)
	at <anonymous class>.createHandlerFunc/<(file:///var/folders/k6/507x0h4145jcr2dx9xx7wy_80000gn/T/anonymous8157604146577728969webdriver-profile/extensions/fxdriver@googlecode.com/components/httpd.js:2054)
	at <anonymous class>.ServerHandler.prototype.handleResponse(file:///var/folders/k6/507x0h4145jcr2dx9xx7wy_80000gn/T/anonymous8157604146577728969webdriver-profile/extensions/fxdriver@googlecode.com/components/httpd.js:2387)
	at <anonymous class>.Connection.prototype.process(file:///var/folders/k6/507x0h4145jcr2dx9xx7wy_80000gn/T/anonymous8157604146577728969webdriver-profile/extensions/fxdriver@googlecode.com/components/httpd.js:1223)
	at <anonymous class>.RequestReader.prototype._handleResponse(file:///var/folders/k6/507x0h4145jcr2dx9xx7wy_80000gn/T/anonymous8157604146577728969webdriver-profile/extensions/fxdriver@googlecode.com/components/httpd.js:1677)
	at <anonymous class>.RequestReader.prototype._processBody(file:///var/folders/k6/507x0h4145jcr2dx9xx7wy_80000gn/T/anonymous8157604146577728969webdriver-profile/extensions/fxdriver@googlecode.com/components/httpd.js:1525)
	at <anonymous class>.RequestReader.prototype.onInputStreamReady(file:///var/folders/k6/507x0h4145jcr2dx9xx7wy_80000gn/T/anonymous8157604146577728969webdriver-profile/extensions/fxdriver@googlecode.com/components/httpd.js:1393)
]]>
    </error>
  </testcase> <!-- loginWordpress -->
  <testcase name="loginWordpress" time="0.018" classname="com.model.LandingPage">
    <error type="org.openqa.selenium.NoSuchWindowException" message="Window not found. The browser window may have been closed.
Command duration or timeout: 16 milliseconds
Build info: version: &#039;2.47.1&#039;, revision: &#039;411b314&#039;, time: &#039;2015-07-30 02:56:46&#039;
System info: host: &#039;thecanbutler.local&#039;, ip: &#039;10.0.0.5&#039;, os.name: &#039;Mac OS X&#039;, os.arch: &#039;x86_64&#039;, os.version: &#039;10.11.1&#039;, java.version: &#039;1.8.0_31&#039;
Driver info: org.openqa.selenium.firefox.FirefoxDriver
Capabilities [{applicationCacheEnabled=true, rotatable=false, handlesAlerts=true, databaseEnabled=true, version=38.0.5, platform=MAC, nativeEvents=false, acceptSslCerts=true, webStorageEnabled=true, locationContextEnabled=true, browserName=firefox, takesScreenshot=true, javascriptEnabled=true, cssSelectorsEnabled=true}]
Session ID: f8e226f4-dfeb-8c41-b4b0-99d5eeb81b0d">
      <![CDATA[org.openqa.selenium.NoSuchWindowException: Window not found. The browser window may have been closed.
Command duration or timeout: 16 milliseconds
Build info: version: '2.47.1', revision: '411b314', time: '2015-07-30 02:56:46'
System info: host: 'thecanbutler.local', ip: '10.0.0.5', os.name: 'Mac OS X', os.arch: 'x86_64', os.version: '10.11.1', java.version: '1.8.0_31'
Driver info: org.openqa.selenium.firefox.FirefoxDriver
Capabilities [{applicationCacheEnabled=true, rotatable=false, handlesAlerts=true, databaseEnabled=true, version=38.0.5, platform=MAC, nativeEvents=false, acceptSslCerts=true, webStorageEnabled=true, locationContextEnabled=true, browserName=firefox, takesScreenshot=true, javascriptEnabled=true, cssSelectorsEnabled=true}]
Session ID: f8e226f4-dfeb-8c41-b4b0-99d5eeb81b0d
	at sun.reflect.NativeConstructorAccessorImpl.newInstance0(Native Method)
	at sun.reflect.NativeConstructorAccessorImpl.newInstance(NativeConstructorAccessorImpl.java:62)
	at sun.reflect.DelegatingConstructorAccessorImpl.newInstance(DelegatingConstructorAccessorImpl.java:45)
	at java.lang.reflect.Constructor.newInstance(Constructor.java:408)
	at org.openqa.selenium.remote.ErrorHandler.createThrowable(ErrorHandler.java:206)
	at org.openqa.selenium.remote.ErrorHandler.throwIfResponseFailed(ErrorHandler.java:158)
	at org.openqa.selenium.remote.RemoteWebDriver.execute(RemoteWebDriver.java:595)
	at org.openqa.selenium.remote.RemoteWebDriver$RemoteWebDriverOptions$RemoteWindow.maximize(RemoteWebDriver.java:833)
	at com.model.LandingPage.loginWordpress(LandingPage.java:19)
	at sun.reflect.NativeMethodAccessorImpl.invoke0(Native Method)
	at sun.reflect.NativeMethodAccessorImpl.invoke(NativeMethodAccessorImpl.java:62)
	at sun.reflect.DelegatingMethodAccessorImpl.invoke(DelegatingMethodAccessorImpl.java:43)
	at java.lang.reflect.Method.invoke(Method.java:483)
	at org.testng.internal.MethodInvocationHelper.invokeMethod(MethodInvocationHelper.java:85)
	at org.testng.internal.Invoker.invokeMethod(Invoker.java:639)
	at org.testng.internal.Invoker.invokeTestMethod(Invoker.java:816)
	at org.testng.internal.Invoker.invokeTestMethods(Invoker.java:1124)
	at org.testng.internal.TestMethodWorker.invokeTestMethods(TestMethodWorker.java:124)
	at org.testng.internal.TestMethodWorker.run(TestMethodWorker.java:108)
	at org.testng.TestRunner.privateRun(TestRunner.java:773)
	at org.testng.TestRunner.run(TestRunner.java:623)
	at org.testng.SuiteRunner.runTest(SuiteRunner.java:359)
	at org.testng.SuiteRunner.runSequentially(SuiteRunner.java:354)
	at org.testng.SuiteRunner.privateRun(SuiteRunner.java:312)
	at org.testng.SuiteRunner.run(SuiteRunner.java:261)
	at org.testng.SuiteRunnerWorker.runSuite(SuiteRunnerWorker.java:52)
	at org.testng.SuiteRunnerWorker.run(SuiteRunnerWorker.java:86)
	at org.testng.TestNG.runSuitesSequentially(TestNG.java:1185)
	at org.testng.TestNG.runSuitesLocally(TestNG.java:1110)
	at org.testng.TestNG.run(TestNG.java:1018)
	at org.testng.remote.RemoteTestNG.run(RemoteTestNG.java:112)
	at org.testng.remote.RemoteTestNG.initAndRun(RemoteTestNG.java:205)
	at org.testng.remote.RemoteTestNG.main(RemoteTestNG.java:176)
Caused by: org.openqa.selenium.NoSuchWindowException: Window not found. The browser window may have been closed.
Build info: version: '2.47.1', revision: '411b314', time: '2015-07-30 02:56:46'
System info: host: 'thecanbutler.local', ip: '10.0.0.5', os.name: 'Mac OS X', os.arch: 'x86_64', os.version: '10.11.1', java.version: '1.8.0_31'
Driver info: driver.version: unknown
	at <anonymous class>.nsCommandProcessor.prototype.execute(file:///var/folders/k6/507x0h4145jcr2dx9xx7wy_80000gn/T/anonymous8157604146577728969webdriver-profile/extensions/fxdriver@googlecode.com/components/command-processor.js:12711)
	at <anonymous class>.Dispatcher.executeAs/<(file:///var/folders/k6/507x0h4145jcr2dx9xx7wy_80000gn/T/anonymous8157604146577728969webdriver-profile/extensions/fxdriver@googlecode.com/components/driver-component.js:9456)
	at <anonymous class>.Resource.prototype.handle(file:///var/folders/k6/507x0h4145jcr2dx9xx7wy_80000gn/T/anonymous8157604146577728969webdriver-profile/extensions/fxdriver@googlecode.com/components/driver-component.js:9603)
	at <anonymous class>.Dispatcher.prototype.dispatch(file:///var/folders/k6/507x0h4145jcr2dx9xx7wy_80000gn/T/anonymous8157604146577728969webdriver-profile/extensions/fxdriver@googlecode.com/components/driver-component.js:9550)
	at <anonymous class>.WebDriverServer/<.handle(file:///var/folders/k6/507x0h4145jcr2dx9xx7wy_80000gn/T/anonymous8157604146577728969webdriver-profile/extensions/fxdriver@googlecode.com/components/driver-component.js:12497)
	at <anonymous class>.createHandlerFunc/<(file:///var/folders/k6/507x0h4145jcr2dx9xx7wy_80000gn/T/anonymous8157604146577728969webdriver-profile/extensions/fxdriver@googlecode.com/components/httpd.js:2054)
	at <anonymous class>.ServerHandler.prototype.handleResponse(file:///var/folders/k6/507x0h4145jcr2dx9xx7wy_80000gn/T/anonymous8157604146577728969webdriver-profile/extensions/fxdriver@googlecode.com/components/httpd.js:2387)
	at <anonymous class>.Connection.prototype.process(file:///var/folders/k6/507x0h4145jcr2dx9xx7wy_80000gn/T/anonymous8157604146577728969webdriver-profile/extensions/fxdriver@googlecode.com/components/httpd.js:1223)
	at <anonymous class>.RequestReader.prototype._handleResponse(file:///var/folders/k6/507x0h4145jcr2dx9xx7wy_80000gn/T/anonymous8157604146577728969webdriver-profile/extensions/fxdriver@googlecode.com/components/httpd.js:1677)
	at <anonymous class>.RequestReader.prototype._processBody(file:///var/folders/k6/507x0h4145jcr2dx9xx7wy_80000gn/T/anonymous8157604146577728969webdriver-profile/extensions/fxdriver@googlecode.com/components/httpd.js:1525)
	at <anonymous class>.RequestReader.prototype.onInputStreamReady(file:///var/folders/k6/507x0h4145jcr2dx9xx7wy_80000gn/T/anonymous8157604146577728969webdriver-profile/extensions/fxdriver@googlecode.com/components/httpd.js:1393)
]]>
    </error>
  </testcase> <!-- loginWordpress -->
  <testcase name="loginWordpress" time="0.024" classname="com.model.LandingPage">
    <error type="org.openqa.selenium.NoSuchWindowException" message="Window not found. The browser window may have been closed.
Command duration or timeout: 18 milliseconds
Build info: version: &#039;2.47.1&#039;, revision: &#039;411b314&#039;, time: &#039;2015-07-30 02:56:46&#039;
System info: host: &#039;thecanbutler.local&#039;, ip: &#039;10.0.0.5&#039;, os.name: &#039;Mac OS X&#039;, os.arch: &#039;x86_64&#039;, os.version: &#039;10.11.1&#039;, java.version: &#039;1.8.0_31&#039;
Driver info: org.openqa.selenium.firefox.FirefoxDriver
Capabilities [{applicationCacheEnabled=true, rotatable=false, handlesAlerts=true, databaseEnabled=true, version=38.0.5, platform=MAC, nativeEvents=false, acceptSslCerts=true, webStorageEnabled=true, locationContextEnabled=true, browserName=firefox, takesScreenshot=true, javascriptEnabled=true, cssSelectorsEnabled=true}]
Session ID: f8e226f4-dfeb-8c41-b4b0-99d5eeb81b0d">
      <![CDATA[org.openqa.selenium.NoSuchWindowException: Window not found. The browser window may have been closed.
Command duration or timeout: 18 milliseconds
Build info: version: '2.47.1', revision: '411b314', time: '2015-07-30 02:56:46'
System info: host: 'thecanbutler.local', ip: '10.0.0.5', os.name: 'Mac OS X', os.arch: 'x86_64', os.version: '10.11.1', java.version: '1.8.0_31'
Driver info: org.openqa.selenium.firefox.FirefoxDriver
Capabilities [{applicationCacheEnabled=true, rotatable=false, handlesAlerts=true, databaseEnabled=true, version=38.0.5, platform=MAC, nativeEvents=false, acceptSslCerts=true, webStorageEnabled=true, locationContextEnabled=true, browserName=firefox, takesScreenshot=true, javascriptEnabled=true, cssSelectorsEnabled=true}]
Session ID: f8e226f4-dfeb-8c41-b4b0-99d5eeb81b0d
	at sun.reflect.NativeConstructorAccessorImpl.newInstance0(Native Method)
	at sun.reflect.NativeConstructorAccessorImpl.newInstance(NativeConstructorAccessorImpl.java:62)
	at sun.reflect.DelegatingConstructorAccessorImpl.newInstance(DelegatingConstructorAccessorImpl.java:45)
	at java.lang.reflect.Constructor.newInstance(Constructor.java:408)
	at org.openqa.selenium.remote.ErrorHandler.createThrowable(ErrorHandler.java:206)
	at org.openqa.selenium.remote.ErrorHandler.throwIfResponseFailed(ErrorHandler.java:158)
	at org.openqa.selenium.remote.RemoteWebDriver.execute(RemoteWebDriver.java:595)
	at org.openqa.selenium.remote.RemoteWebDriver$RemoteWebDriverOptions$RemoteWindow.maximize(RemoteWebDriver.java:833)
	at com.model.LandingPage.loginWordpress(LandingPage.java:19)
	at sun.reflect.NativeMethodAccessorImpl.invoke0(Native Method)
	at sun.reflect.NativeMethodAccessorImpl.invoke(NativeMethodAccessorImpl.java:62)
	at sun.reflect.DelegatingMethodAccessorImpl.invoke(DelegatingMethodAccessorImpl.java:43)
	at java.lang.reflect.Method.invoke(Method.java:483)
	at org.testng.internal.MethodInvocationHelper.invokeMethod(MethodInvocationHelper.java:85)
	at org.testng.internal.Invoker.invokeMethod(Invoker.java:639)
	at org.testng.internal.Invoker.invokeTestMethod(Invoker.java:816)
	at org.testng.internal.Invoker.invokeTestMethods(Invoker.java:1124)
	at org.testng.internal.TestMethodWorker.invokeTestMethods(TestMethodWorker.java:124)
	at org.testng.internal.TestMethodWorker.run(TestMethodWorker.java:108)
	at org.testng.TestRunner.privateRun(TestRunner.java:773)
	at org.testng.TestRunner.run(TestRunner.java:623)
	at org.testng.SuiteRunner.runTest(SuiteRunner.java:359)
	at org.testng.SuiteRunner.runSequentially(SuiteRunner.java:354)
	at org.testng.SuiteRunner.privateRun(SuiteRunner.java:312)
	at org.testng.SuiteRunner.run(SuiteRunner.java:261)
	at org.testng.SuiteRunnerWorker.runSuite(SuiteRunnerWorker.java:52)
	at org.testng.SuiteRunnerWorker.run(SuiteRunnerWorker.java:86)
	at org.testng.TestNG.runSuitesSequentially(TestNG.java:1185)
	at org.testng.TestNG.runSuitesLocally(TestNG.java:1110)
	at org.testng.TestNG.run(TestNG.java:1018)
	at org.testng.remote.RemoteTestNG.run(RemoteTestNG.java:112)
	at org.testng.remote.RemoteTestNG.initAndRun(RemoteTestNG.java:205)
	at org.testng.remote.RemoteTestNG.main(RemoteTestNG.java:176)
Caused by: org.openqa.selenium.NoSuchWindowException: Window not found. The browser window may have been closed.
Build info: version: '2.47.1', revision: '411b314', time: '2015-07-30 02:56:46'
System info: host: 'thecanbutler.local', ip: '10.0.0.5', os.name: 'Mac OS X', os.arch: 'x86_64', os.version: '10.11.1', java.version: '1.8.0_31'
Driver info: driver.version: unknown
	at <anonymous class>.nsCommandProcessor.prototype.execute(file:///var/folders/k6/507x0h4145jcr2dx9xx7wy_80000gn/T/anonymous8157604146577728969webdriver-profile/extensions/fxdriver@googlecode.com/components/command-processor.js:12711)
	at <anonymous class>.Dispatcher.executeAs/<(file:///var/folders/k6/507x0h4145jcr2dx9xx7wy_80000gn/T/anonymous8157604146577728969webdriver-profile/extensions/fxdriver@googlecode.com/components/driver-component.js:9456)
	at <anonymous class>.Resource.prototype.handle(file:///var/folders/k6/507x0h4145jcr2dx9xx7wy_80000gn/T/anonymous8157604146577728969webdriver-profile/extensions/fxdriver@googlecode.com/components/driver-component.js:9603)
	at <anonymous class>.Dispatcher.prototype.dispatch(file:///var/folders/k6/507x0h4145jcr2dx9xx7wy_80000gn/T/anonymous8157604146577728969webdriver-profile/extensions/fxdriver@googlecode.com/components/driver-component.js:9550)
	at <anonymous class>.WebDriverServer/<.handle(file:///var/folders/k6/507x0h4145jcr2dx9xx7wy_80000gn/T/anonymous8157604146577728969webdriver-profile/extensions/fxdriver@googlecode.com/components/driver-component.js:12497)
	at <anonymous class>.createHandlerFunc/<(file:///var/folders/k6/507x0h4145jcr2dx9xx7wy_80000gn/T/anonymous8157604146577728969webdriver-profile/extensions/fxdriver@googlecode.com/components/httpd.js:2054)
	at <anonymous class>.ServerHandler.prototype.handleResponse(file:///var/folders/k6/507x0h4145jcr2dx9xx7wy_80000gn/T/anonymous8157604146577728969webdriver-profile/extensions/fxdriver@googlecode.com/components/httpd.js:2387)
	at <anonymous class>.Connection.prototype.process(file:///var/folders/k6/507x0h4145jcr2dx9xx7wy_80000gn/T/anonymous8157604146577728969webdriver-profile/extensions/fxdriver@googlecode.com/components/httpd.js:1223)
	at <anonymous class>.RequestReader.prototype._handleResponse(file:///var/folders/k6/507x0h4145jcr2dx9xx7wy_80000gn/T/anonymous8157604146577728969webdriver-profile/extensions/fxdriver@googlecode.com/components/httpd.js:1677)
	at <anonymous class>.RequestReader.prototype._processBody(file:///var/folders/k6/507x0h4145jcr2dx9xx7wy_80000gn/T/anonymous8157604146577728969webdriver-profile/extensions/fxdriver@googlecode.com/components/httpd.js:1525)
	at <anonymous class>.RequestReader.prototype.onInputStreamReady(file:///var/folders/k6/507x0h4145jcr2dx9xx7wy_80000gn/T/anonymous8157604146577728969webdriver-profile/extensions/fxdriver@googlecode.com/components/httpd.js:1393)
]]>
    </error>
  </testcase> <!-- loginWordpress -->
</testsuite> <!-- com.model.LandingPage -->
