<html>
<head>
<title>TestNG:  Default test</title>
<link href="../testng.css" rel="stylesheet" type="text/css" />
<link href="../my-testng.css" rel="stylesheet" type="text/css" />

<style type="text/css">
.log { display: none;} 
.stack-trace { display: none;} 
</style>
<script type="text/javascript">
<!--
function flip(e) {
  current = e.style.display;
  if (current == 'block') {
    e.style.display = 'none';
    return 0;
  }
  else {
    e.style.display = 'block';
    return 1;
  }
}

function toggleBox(szDivId, elem, msg1, msg2)
{
  var res = -1;  if (document.getElementById) {
    res = flip(document.getElementById(szDivId));
  }
  else if (document.all) {
    // this is the way old msie versions work
    res = flip(document.all[szDivId]);
  }
  if(elem) {
    if(res == 0) elem.innerHTML = msg1; else elem.innerHTML = msg2;
  }

}

function toggleAllBoxes() {
  if (document.getElementsByTagName) {
    d = document.getElementsByTagName('div');
    for (i = 0; i < d.length; i++) {
      if (d[i].className == 'log') {
        flip(d[i]);
      }
    }
  }
}

// -->
</script>

</head>
<body>
<h2 align='center'>Default test</h2><table border='1' align="center">
<tr>
<td>Tests passed/Failed/Skipped:</td><td>1/7/0</td>
</tr><tr>
<td>Started on:</td><td>Sat Nov 21 06:59:34 CST 2015</td>
</tr>
<tr><td>Total time:</td><td>10 seconds (10007 ms)</td>
</tr><tr>
<td>Included groups:</td><td></td>
</tr><tr>
<td>Excluded groups:</td><td></td>
</tr>
</table><p/>
<small><i>(Hover the method name to see the test class name)</i></small><p/>
<table width='100%' border='1' class='invocation-failed'>
<tr><td colspan='4' align='center'><b>FAILED CONFIGURATIONS</b></td></tr>
<tr><td><b>Test method</b></td>
<td width="30%"><b>Exception</b></td>
<td width="10%"><b>Time (seconds)</b></td>
<td><b>Instance</b></td>
</tr>
<tr>
<td title='com.model.LandingPage.logout()'><b>logout</b><br>Test class: com.model.LandingPage</td>
<td><div><pre>org.openqa.selenium.NoSuchWindowException: Window not found. The browser window may have been closed.
Command duration or timeout: 17 milliseconds
Build info: version: &apos;2.47.1&apos;, revision: &apos;411b314&apos;, time: &apos;2015-07-30 02:56:46&apos;
System info: host: &apos;thecanbutler.local&apos;, ip: &apos;10.0.0.5&apos;, os.name: &apos;Mac OS X&apos;, os.arch: &apos;x86_64&apos;, os.version: &apos;10.11.1&apos;, java.version: &apos;1.8.0_31&apos;
Driver info: org.openqa.selenium.firefox.FirefoxDriver
Capabilities [{applicationCacheEnabled=true, rotatable=false, handlesAlerts=true, databaseEnabled=true, version=38.0.5, platform=MAC, nativeEvents=false, acceptSslCerts=true, webStorageEnabled=true, locationContextEnabled=true, browserName=firefox, takesScreenshot=true, javascriptEnabled=true, cssSelectorsEnabled=true}]
Session ID: f8e226f4-dfeb-8c41-b4b0-99d5eeb81b0d
	at sun.reflect.NativeConstructorAccessorImpl.newInstance0(Native Method)
	at sun.reflect.NativeConstructorAccessorImpl.newInstance(NativeConstructorAccessorImpl.java:62)
	at sun.reflect.DelegatingConstructorAccessorImpl.newInstance(DelegatingConstructorAccessorImpl.java:45)
	at java.lang.reflect.Constructor.newInstance(Constructor.java:408)
	at org.openqa.selenium.remote.ErrorHandler.createThrowable(ErrorHandler.java:206)
	at org.openqa.selenium.remote.ErrorHandler.throwIfResponseFailed(ErrorHandler.java:158)
	at org.openqa.selenium.remote.RemoteWebDriver.execute(RemoteWebDriver.java:595)
	at org.openqa.selenium.remote.RemoteWebDriver.execute(RemoteWebDriver.java:618)
	at org.openqa.selenium.remote.RemoteWebDriver.close(RemoteWebDriver.java:459)
	at com.model.LandingPage.logout(LandingPage.java:33)
	at sun.reflect.NativeMethodAccessorImpl.invoke0(Native Method)
	at sun.reflect.NativeMethodAccessorImpl.invoke(NativeMethodAccessorImpl.java:62)
	at sun.reflect.DelegatingMethodAccessorImpl.invoke(DelegatingMethodAccessorImpl.java:43)
	at java.lang.reflect.Method.invoke(Method.java:483)
	at org.testng.internal.MethodInvocationHelper.invokeMethod(MethodInvocationHelper.java:85)
	at org.testng.internal.Invoker.invokeConfigurationMethod(Invoker.java:510)
	at org.testng.internal.Invoker.invokeConfigurations(Invoker.java:211)
	at org.testng.internal.Invoker.invokeConfigurations(Invoker.java:138)
	at org.testng.TestRunner.afterRun(TestRunner.java:1027)
	at org.testng.TestRunner.run(TestRunner.java:627)
	at org.testng.SuiteRunner.runTest(SuiteRunner.java:359)
	at org.testng.SuiteRunner.runSequentially(SuiteRunner.java:354)
	at org.testng.SuiteRunner.privateRun(SuiteRunner.java:312)
	at org.testng.SuiteRunner.run(SuiteRunner.java:261)
	at org.testng.SuiteRunnerWorker.runSuite(SuiteRunnerWorker.java:52)
	at org.testng.SuiteRunnerWorker.run(SuiteRunnerWorker.java:86)
	at org.testng.TestNG.runSuitesSequentially(TestNG.java:1185)
	at org.testng.TestNG.runSuitesLocally(TestNG.java:1110)
	at org.testng.TestNG.run(TestNG.java:1018)
	at org.testng.remote.RemoteTestNG.run(RemoteTestNG.java:112)
	at org.testng.remote.RemoteTestNG.initAndRun(RemoteTestNG.java:205)
	at org.testng.remote.RemoteTestNG.main(RemoteTestNG.java:176)
Caused by: org.openqa.selenium.NoSuchWindowException: Window not found. The browser window may have been closed.
Build info: version: &apos;2.47.1&apos;, revision: &apos;411b314&apos;, time: &apos;2015-07-30 02:56:46&apos;
System info: host: &apos;thecanbutler.local&apos;, ip: &apos;10.0.0.5&apos;, os.name: &apos;Mac OS X&apos;, os.arch: &apos;x86_64&apos;, os.version: &apos;10.11.1&apos;, java.version: &apos;1.8.0_31&apos;
Driver info: driver.version: unknown
	at &lt;anonymous class&gt;.nsCommandProcessor.prototype.execute(file:///var/folders/k6/507x0h4145jcr2dx9xx7wy_80000gn/T/anonymous8157604146577728969webdriver-profile/extensions/fxdriver@googlecode.com/components/command-processor.js:12711)
	at &lt;anonymous class&gt;.Dispatcher.executeAs/&lt;(file:///var/folders/k6/507x0h4145jcr2dx9xx7wy_80000gn/T/anonymous8157604146577728969webdriver-profile/extensions/fxdriver@googlecode.com/components/driver-component.js:9456)
	at &lt;anonymous class&gt;.Resource.prototype.handle(file:///var/folders/k6/507x0h4145jcr2dx9xx7wy_80000gn/T/anonymous8157604146577728969webdriver-profile/extensions/fxdriver@googlecode.com/components/driver-component.js:9603)
	at &lt;anonymous class&gt;.Dispatcher.prototype.dispatch(file:///var/folders/k6/507x0h4145jcr2dx9xx7wy_80000gn/T/anonymous8157604146577728969webdriver-profile/extensions/fxdriver@googlecode.com/components/driver-component.js:9550)
	at &lt;anonymous class&gt;.WebDriverServer/&lt;.handle(file:///var/folders/k6/507x0h4145jcr2dx9xx7wy_80000gn/T/anonymous8157604146577728969webdriver-profile/extensions/fxdriver@googlecode.com/components/driver-component.js:12497)
	at &lt;anonymous class&gt;.createHandlerFunc/&lt;(file:///var/folders/k6/507x0h4145jcr2dx9xx7wy_80000gn/T/anonymous8157604146577728969webdriver-profile/extensions/fxdriver@googlecode.com/components/httpd.js:2054)
	at &lt;anonymous class&gt;.ServerHandler.prototype.handleResponse(file:///var/folders/k6/507x0h4145jcr2dx9xx7wy_80000gn/T/anonymous8157604146577728969webdriver-profile/extensions/fxdriver@googlecode.com/components/httpd.js:2387)
	at &lt;anonymous class&gt;.Connection.prototype.process(file:///var/folders/k6/507x0h4145jcr2dx9xx7wy_80000gn/T/anonymous8157604146577728969webdriver-profile/extensions/fxdriver@googlecode.com/components/httpd.js:1223)
	at &lt;anonymous class&gt;.RequestReader.prototype._handleResponse(file:///var/folders/k6/507x0h4145jcr2dx9xx7wy_80000gn/T/anonymous8157604146577728969webdriver-profile/extensions/fxdriver@googlecode.com/components/httpd.js:1677)
	at &lt;anonymous class&gt;.RequestReader.prototype._processBody(file:///var/folders/k6/507x0h4145jcr2dx9xx7wy_80000gn/T/anonymous8157604146577728969webdriver-profile/extensions/fxdriver@googlecode.com/components/httpd.js:1525)
	at &lt;anonymous class&gt;.RequestReader.prototype.onInputStreamReady(file:///var/folders/k6/507x0h4145jcr2dx9xx7wy_80000gn/T/anonymous8157604146577728969webdriver-profile/extensions/fxdriver@googlecode.com/components/httpd.js:1393)
</pre></div><a href='#' onClick='toggleBox("stack-trace1291367132", this, "Click to show all stack frames", "Click to hide stack frames")'>Click to show all stack frames</a>
<div class='stack-trace' id='stack-trace1291367132'><pre>org.openqa.selenium.NoSuchWindowException: Window not found. The browser window may have been closed.
Command duration or timeout: 17 milliseconds
Build info: version: &apos;2.47.1&apos;, revision: &apos;411b314&apos;, time: &apos;2015-07-30 02:56:46&apos;
System info: host: &apos;thecanbutler.local&apos;, ip: &apos;10.0.0.5&apos;, os.name: &apos;Mac OS X&apos;, os.arch: &apos;x86_64&apos;, os.version: &apos;10.11.1&apos;, java.version: &apos;1.8.0_31&apos;
Driver info: org.openqa.selenium.firefox.FirefoxDriver
Capabilities [{applicationCacheEnabled=true, rotatable=false, handlesAlerts=true, databaseEnabled=true, version=38.0.5, platform=MAC, nativeEvents=false, acceptSslCerts=true, webStorageEnabled=true, locationContextEnabled=true, browserName=firefox, takesScreenshot=true, javascriptEnabled=true, cssSelectorsEnabled=true}]
Session ID: f8e226f4-dfeb-8c41-b4b0-99d5eeb81b0d
	at sun.reflect.NativeConstructorAccessorImpl.newInstance0(Native Method)
	at sun.reflect.NativeConstructorAccessorImpl.newInstance(NativeConstructorAccessorImpl.java:62)
	at sun.reflect.DelegatingConstructorAccessorImpl.newInstance(DelegatingConstructorAccessorImpl.java:45)
	at java.lang.reflect.Constructor.newInstance(Constructor.java:408)
	at org.openqa.selenium.remote.ErrorHandler.createThrowable(ErrorHandler.java:206)
	at org.openqa.selenium.remote.ErrorHandler.throwIfResponseFailed(ErrorHandler.java:158)
	at org.openqa.selenium.remote.RemoteWebDriver.execute(RemoteWebDriver.java:595)
	at org.openqa.selenium.remote.RemoteWebDriver.execute(RemoteWebDriver.java:618)
	at org.openqa.selenium.remote.RemoteWebDriver.close(RemoteWebDriver.java:459)
	at com.model.LandingPage.logout(LandingPage.java:33)
	at sun.reflect.NativeMethodAccessorImpl.invoke0(Native Method)
	at sun.reflect.NativeMethodAccessorImpl.invoke(NativeMethodAccessorImpl.java:62)
	at sun.reflect.DelegatingMethodAccessorImpl.invoke(DelegatingMethodAccessorImpl.java:43)
	at java.lang.reflect.Method.invoke(Method.java:483)
	at org.testng.internal.MethodInvocationHelper.invokeMethod(MethodInvocationHelper.java:85)
	at org.testng.internal.Invoker.invokeConfigurationMethod(Invoker.java:510)
	at org.testng.internal.Invoker.invokeConfigurations(Invoker.java:211)
	at org.testng.internal.Invoker.invokeConfigurations(Invoker.java:138)
	at org.testng.TestRunner.afterRun(TestRunner.java:1027)
	at org.testng.TestRunner.run(TestRunner.java:627)
	at org.testng.SuiteRunner.runTest(SuiteRunner.java:359)
	at org.testng.SuiteRunner.runSequentially(SuiteRunner.java:354)
	at org.testng.SuiteRunner.privateRun(SuiteRunner.java:312)
	at org.testng.SuiteRunner.run(SuiteRunner.java:261)
	at org.testng.SuiteRunnerWorker.runSuite(SuiteRunnerWorker.java:52)
	at org.testng.SuiteRunnerWorker.run(SuiteRunnerWorker.java:86)
	at org.testng.TestNG.runSuitesSequentially(TestNG.java:1185)
	at org.testng.TestNG.runSuitesLocally(TestNG.java:1110)
	at org.testng.TestNG.run(TestNG.java:1018)
	at org.testng.remote.RemoteTestNG.run(RemoteTestNG.java:112)
	at org.testng.remote.RemoteTestNG.initAndRun(RemoteTestNG.java:205)
	at org.testng.remote.RemoteTestNG.main(RemoteTestNG.java:176)
Caused by: org.openqa.selenium.NoSuchWindowException: Window not found. The browser window may have been closed.
Build info: version: &apos;2.47.1&apos;, revision: &apos;411b314&apos;, time: &apos;2015-07-30 02:56:46&apos;
System info: host: &apos;thecanbutler.local&apos;, ip: &apos;10.0.0.5&apos;, os.name: &apos;Mac OS X&apos;, os.arch: &apos;x86_64&apos;, os.version: &apos;10.11.1&apos;, java.version: &apos;1.8.0_31&apos;
Driver info: driver.version: unknown
	at &lt;anonymous class&gt;.nsCommandProcessor.prototype.execute(file:///var/folders/k6/507x0h4145jcr2dx9xx7wy_80000gn/T/anonymous8157604146577728969webdriver-profile/extensions/fxdriver@googlecode.com/components/command-processor.js:12711)
	at &lt;anonymous class&gt;.Dispatcher.executeAs/&lt;(file:///var/folders/k6/507x0h4145jcr2dx9xx7wy_80000gn/T/anonymous8157604146577728969webdriver-profile/extensions/fxdriver@googlecode.com/components/driver-component.js:9456)
	at &lt;anonymous class&gt;.Resource.prototype.handle(file:///var/folders/k6/507x0h4145jcr2dx9xx7wy_80000gn/T/anonymous8157604146577728969webdriver-profile/extensions/fxdriver@googlecode.com/components/driver-component.js:9603)
	at &lt;anonymous class&gt;.Dispatcher.prototype.dispatch(file:///var/folders/k6/507x0h4145jcr2dx9xx7wy_80000gn/T/anonymous8157604146577728969webdriver-profile/extensions/fxdriver@googlecode.com/components/driver-component.js:9550)
	at &lt;anonymous class&gt;.WebDriverServer/&lt;.handle(file:///var/folders/k6/507x0h4145jcr2dx9xx7wy_80000gn/T/anonymous8157604146577728969webdriver-profile/extensions/fxdriver@googlecode.com/components/driver-component.js:12497)
	at &lt;anonymous class&gt;.createHandlerFunc/&lt;(file:///var/folders/k6/507x0h4145jcr2dx9xx7wy_80000gn/T/anonymous8157604146577728969webdriver-profile/extensions/fxdriver@googlecode.com/components/httpd.js:2054)
	at &lt;anonymous class&gt;.ServerHandler.prototype.handleResponse(file:///var/folders/k6/507x0h4145jcr2dx9xx7wy_80000gn/T/anonymous8157604146577728969webdriver-profile/extensions/fxdriver@googlecode.com/components/httpd.js:2387)
	at &lt;anonymous class&gt;.Connection.prototype.process(file:///var/folders/k6/507x0h4145jcr2dx9xx7wy_80000gn/T/anonymous8157604146577728969webdriver-profile/extensions/fxdriver@googlecode.com/components/httpd.js:1223)
	at &lt;anonymous class&gt;.RequestReader.prototype._handleResponse(file:///var/folders/k6/507x0h4145jcr2dx9xx7wy_80000gn/T/anonymous8157604146577728969webdriver-profile/extensions/fxdriver@googlecode.com/components/httpd.js:1677)
	at &lt;anonymous class&gt;.RequestReader.prototype._processBody(file:///var/folders/k6/507x0h4145jcr2dx9xx7wy_80000gn/T/anonymous8157604146577728969webdriver-profile/extensions/fxdriver@googlecode.com/components/httpd.js:1525)
	at &lt;anonymous class&gt;.RequestReader.prototype.onInputStreamReady(file:///var/folders/k6/507x0h4145jcr2dx9xx7wy_80000gn/T/anonymous8157604146577728969webdriver-profile/extensions/fxdriver@googlecode.com/components/httpd.js:1393)
</pre></div></td>
<td>0</td>
<td>null</td></tr>
</table><p>
<table width='100%' border='1' class='invocation-failed'>
<tr><td colspan='4' align='center'><b>FAILED TESTS</b></td></tr>
<tr><td><b>Test method</b></td>
<td width="30%"><b>Exception</b></td>
<td width="10%"><b>Time (seconds)</b></td>
<td><b>Instance</b></td>
</tr>
<tr>
<td title='com.model.modifyProfile.changeProfile()'><b>changeProfile</b><br>Test class: com.model.modifyProfile<br>Parameters: capitolkrs, meseretesA@098</td>
<td><div><pre>org.openqa.selenium.remote.UnreachableBrowserException: Error communicating with the remote browser. It may have died.
Build info: version: &apos;2.47.1&apos;, revision: &apos;411b314&apos;, time: &apos;2015-07-30 02:56:46&apos;
System info: host: &apos;thecanbutler.local&apos;, ip: &apos;10.0.0.5&apos;, os.name: &apos;Mac OS X&apos;, os.arch: &apos;x86_64&apos;, os.version: &apos;10.11.1&apos;, java.version: &apos;1.8.0_31&apos;
Driver info: driver.version: RemoteWebDriver
	at org.openqa.selenium.remote.RemoteWebDriver.execute(RemoteWebDriver.java:589)
	at org.openqa.selenium.remote.RemoteWebDriver.findElement(RemoteWebDriver.java:348)
	at org.openqa.selenium.remote.RemoteWebDriver.findElementByClassName(RemoteWebDriver.java:429)
	at org.openqa.selenium.By$ByClassName.findElement(By.java:388)
	at org.openqa.selenium.remote.RemoteWebDriver.findElement(RemoteWebDriver.java:340)
	at com.model.modifyProfile.changeProfile(modifyProfile.java:20)
	at sun.reflect.NativeMethodAccessorImpl.invoke0(Native Method)
	at sun.reflect.NativeMethodAccessorImpl.invoke(NativeMethodAccessorImpl.java:62)
	at sun.reflect.DelegatingMethodAccessorImpl.invoke(DelegatingMethodAccessorImpl.java:43)
	at java.lang.reflect.Method.invoke(Method.java:483)
	at org.testng.internal.MethodInvocationHelper.invokeMethod(MethodInvocationHelper.java:85)
	at org.testng.internal.Invoker.invokeMethod(Invoker.java:639)
	at org.testng.internal.Invoker.invokeTestMethod(Invoker.java:816)
	at org.testng.internal.Invoker.invokeTestMethods(Invoker.java:1124)
	at org.testng.internal.TestMethodWorker.invokeTestMethods(TestMethodWorker.java:124)
	at org.testng.internal.TestMethodWorker.run(TestMethodWorker.java:108)
	at org.testng.TestRunner.privateRun(TestRunner.java:773)
	at org.testng.TestRunner.run(TestRunner.java:623)
	at org.testng.SuiteRunner.runTest(SuiteRunner.java:359)
	at org.testng.SuiteRunner.runSequentially(SuiteRunner.java:354)
	at org.testng.SuiteRunner.privateRun(SuiteRunner.java:312)
	at org.testng.SuiteRunner.run(SuiteRunner.java:261)
	at org.testng.SuiteRunnerWorker.runSuite(SuiteRunnerWorker.java:52)
	at org.testng.SuiteRunnerWorker.run(SuiteRunnerWorker.java:86)
	at org.testng.TestNG.runSuitesSequentially(TestNG.java:1185)
	at org.testng.TestNG.runSuitesLocally(TestNG.java:1110)
	at org.testng.TestNG.run(TestNG.java:1018)
	at org.testng.remote.RemoteTestNG.run(RemoteTestNG.java:112)
	at org.testng.remote.RemoteTestNG.initAndRun(RemoteTestNG.java:205)
	at org.testng.remote.RemoteTestNG.main(RemoteTestNG.java:176)
Caused by: org.apache.http.conn.HttpHostConnectException: Connect to 127.0.0.1:7056 [/127.0.0.1] failed: Connection refused
	at org.apache.http.impl.conn.DefaultHttpClientConnectionOperator.connect(DefaultHttpClientConnectionOperator.java:151)
	at org.apache.http.impl.conn.PoolingHttpClientConnectionManager.connect(PoolingHttpClientConnectionManager.java:353)
	at org.apache.http.impl.execchain.MainClientExec.establishRoute(MainClientExec.java:380)
	at org.apache.http.impl.execchain.MainClientExec.execute(MainClientExec.java:236)
	at org.apache.http.impl.execchain.ProtocolExec.execute(ProtocolExec.java:184)
	at org.apache.http.impl.execchain.RetryExec.execute(RetryExec.java:88)
	at org.apache.http.impl.execchain.RedirectExec.execute(RedirectExec.java:110)
	at org.apache.http.impl.client.InternalHttpClient.doExecute(InternalHttpClient.java:184)
	at org.apache.http.impl.client.CloseableHttpClient.execute(CloseableHttpClient.java:71)
	at org.apache.http.impl.client.CloseableHttpClient.execute(CloseableHttpClient.java:55)
	at org.openqa.selenium.remote.internal.ApacheHttpClient.fallBackExecute(ApacheHttpClient.java:161)
	at org.openqa.selenium.remote.internal.ApacheHttpClient.execute(ApacheHttpClient.java:89)
	at org.openqa.selenium.remote.HttpCommandExecutor.execute(HttpCommandExecutor.java:134)
	at org.openqa.selenium.firefox.internal.NewProfileExtensionConnection.execute(NewProfileExtensionConnection.java:170)
	at org.openqa.selenium.firefox.FirefoxDriver$LazyCommandExecutor.execute(FirefoxDriver.java:393)
	at org.openqa.selenium.remote.RemoteWebDriver.execute(RemoteWebDriver.java:568)
	... 29 more
Caused by: java.net.ConnectException: Connection refused
	at java.net.PlainSocketImpl.socketConnect(Native Method)
	at java.net.AbstractPlainSocketImpl.doConnect(AbstractPlainSocketImpl.java:345)
	at java.net.AbstractPlainSocketImpl.connectToAddress(AbstractPlainSocketImpl.java:206)
	at java.net.AbstractPlainSocketImpl.connect(AbstractPlainSocketImpl.java:188)
	at java.net.SocksSocketImpl.connect(SocksSocketImpl.java:392)
	at java.net.Socket.connect(Socket.java:589)
	at org.apache.http.conn.socket.PlainConnectionSocketFactory.connectSocket(PlainConnectionSocketFactory.java:74)
	at org.apache.http.impl.conn.DefaultHttpClientConnectionOperator.connect(DefaultHttpClientConnectionOperator.java:134)
	... 44 more
</pre></div><a href='#' onClick='toggleBox("stack-trace1740826931", this, "Click to show all stack frames", "Click to hide stack frames")'>Click to show all stack frames</a>
<div class='stack-trace' id='stack-trace1740826931'><pre>org.openqa.selenium.remote.UnreachableBrowserException: Error communicating with the remote browser. It may have died.
Build info: version: &apos;2.47.1&apos;, revision: &apos;411b314&apos;, time: &apos;2015-07-30 02:56:46&apos;
System info: host: &apos;thecanbutler.local&apos;, ip: &apos;10.0.0.5&apos;, os.name: &apos;Mac OS X&apos;, os.arch: &apos;x86_64&apos;, os.version: &apos;10.11.1&apos;, java.version: &apos;1.8.0_31&apos;
Driver info: driver.version: RemoteWebDriver
	at org.openqa.selenium.remote.RemoteWebDriver.execute(RemoteWebDriver.java:589)
	at org.openqa.selenium.remote.RemoteWebDriver.findElement(RemoteWebDriver.java:348)
	at org.openqa.selenium.remote.RemoteWebDriver.findElementByClassName(RemoteWebDriver.java:429)
	at org.openqa.selenium.By$ByClassName.findElement(By.java:388)
	at org.openqa.selenium.remote.RemoteWebDriver.findElement(RemoteWebDriver.java:340)
	at com.model.modifyProfile.changeProfile(modifyProfile.java:20)
	at sun.reflect.NativeMethodAccessorImpl.invoke0(Native Method)
	at sun.reflect.NativeMethodAccessorImpl.invoke(NativeMethodAccessorImpl.java:62)
	at sun.reflect.DelegatingMethodAccessorImpl.invoke(DelegatingMethodAccessorImpl.java:43)
	at java.lang.reflect.Method.invoke(Method.java:483)
	at org.testng.internal.MethodInvocationHelper.invokeMethod(MethodInvocationHelper.java:85)
	at org.testng.internal.Invoker.invokeMethod(Invoker.java:639)
	at org.testng.internal.Invoker.invokeTestMethod(Invoker.java:816)
	at org.testng.internal.Invoker.invokeTestMethods(Invoker.java:1124)
	at org.testng.internal.TestMethodWorker.invokeTestMethods(TestMethodWorker.java:124)
	at org.testng.internal.TestMethodWorker.run(TestMethodWorker.java:108)
	at org.testng.TestRunner.privateRun(TestRunner.java:773)
	at org.testng.TestRunner.run(TestRunner.java:623)
	at org.testng.SuiteRunner.runTest(SuiteRunner.java:359)
	at org.testng.SuiteRunner.runSequentially(SuiteRunner.java:354)
	at org.testng.SuiteRunner.privateRun(SuiteRunner.java:312)
	at org.testng.SuiteRunner.run(SuiteRunner.java:261)
	at org.testng.SuiteRunnerWorker.runSuite(SuiteRunnerWorker.java:52)
	at org.testng.SuiteRunnerWorker.run(SuiteRunnerWorker.java:86)
	at org.testng.TestNG.runSuitesSequentially(TestNG.java:1185)
	at org.testng.TestNG.runSuitesLocally(TestNG.java:1110)
	at org.testng.TestNG.run(TestNG.java:1018)
	at org.testng.remote.RemoteTestNG.run(RemoteTestNG.java:112)
	at org.testng.remote.RemoteTestNG.initAndRun(RemoteTestNG.java:205)
	at org.testng.remote.RemoteTestNG.main(RemoteTestNG.java:176)
Caused by: org.apache.http.conn.HttpHostConnectException: Connect to 127.0.0.1:7056 [/127.0.0.1] failed: Connection refused
	at org.apache.http.impl.conn.DefaultHttpClientConnectionOperator.connect(DefaultHttpClientConnectionOperator.java:151)
	at org.apache.http.impl.conn.PoolingHttpClientConnectionManager.connect(PoolingHttpClientConnectionManager.java:353)
	at org.apache.http.impl.execchain.MainClientExec.establishRoute(MainClientExec.java:380)
	at org.apache.http.impl.execchain.MainClientExec.execute(MainClientExec.java:236)
	at org.apache.http.impl.execchain.ProtocolExec.execute(ProtocolExec.java:184)
	at org.apache.http.impl.execchain.RetryExec.execute(RetryExec.java:88)
	at org.apache.http.impl.execchain.RedirectExec.execute(RedirectExec.java:110)
	at org.apache.http.impl.client.InternalHttpClient.doExecute(InternalHttpClient.java:184)
	at org.apache.http.impl.client.CloseableHttpClient.execute(CloseableHttpClient.java:71)
	at org.apache.http.impl.client.CloseableHttpClient.execute(CloseableHttpClient.java:55)
	at org.openqa.selenium.remote.internal.ApacheHttpClient.fallBackExecute(ApacheHttpClient.java:161)
	at org.openqa.selenium.remote.internal.ApacheHttpClient.execute(ApacheHttpClient.java:89)
	at org.openqa.selenium.remote.HttpCommandExecutor.execute(HttpCommandExecutor.java:134)
	at org.openqa.selenium.firefox.internal.NewProfileExtensionConnection.execute(NewProfileExtensionConnection.java:170)
	at org.openqa.selenium.firefox.FirefoxDriver$LazyCommandExecutor.execute(FirefoxDriver.java:393)
	at org.openqa.selenium.remote.RemoteWebDriver.execute(RemoteWebDriver.java:568)
	... 29 more
Caused by: java.net.ConnectException: Connection refused
	at java.net.PlainSocketImpl.socketConnect(Native Method)
	at java.net.AbstractPlainSocketImpl.doConnect(AbstractPlainSocketImpl.java:345)
	at java.net.AbstractPlainSocketImpl.connectToAddress(AbstractPlainSocketImpl.java:206)
	at java.net.AbstractPlainSocketImpl.connect(AbstractPlainSocketImpl.java:188)
	at java.net.SocksSocketImpl.connect(SocksSocketImpl.java:392)
	at java.net.Socket.connect(Socket.java:589)
	at org.apache.http.conn.socket.PlainConnectionSocketFactory.connectSocket(PlainConnectionSocketFactory.java:74)
	at org.apache.http.impl.conn.DefaultHttpClientConnectionOperator.connect(DefaultHttpClientConnectionOperator.java:134)
	... 44 more
</pre></div></td>
<td>3</td>
<td>com.model.modifyProfile@792b749c</td></tr>
<tr>
<td title='com.model.modifyProfile.changeProfile()'><b>changeProfile</b><br>Test class: com.model.modifyProfile<br>Parameters: seleniumpoi, taduS098</td>
<td><div><pre>org.openqa.selenium.remote.UnreachableBrowserException: Error communicating with the remote browser. It may have died.
Build info: version: &apos;2.47.1&apos;, revision: &apos;411b314&apos;, time: &apos;2015-07-30 02:56:46&apos;
System info: host: &apos;thecanbutler.local&apos;, ip: &apos;10.0.0.5&apos;, os.name: &apos;Mac OS X&apos;, os.arch: &apos;x86_64&apos;, os.version: &apos;10.11.1&apos;, java.version: &apos;1.8.0_31&apos;
Driver info: driver.version: RemoteWebDriver
	at org.openqa.selenium.remote.RemoteWebDriver.execute(RemoteWebDriver.java:589)
	at org.openqa.selenium.remote.RemoteWebDriver$RemoteWebDriverOptions$RemoteWindow.maximize(RemoteWebDriver.java:833)
	at com.model.modifyProfile.changeProfile(modifyProfile.java:17)
	at sun.reflect.NativeMethodAccessorImpl.invoke0(Native Method)
	at sun.reflect.NativeMethodAccessorImpl.invoke(NativeMethodAccessorImpl.java:62)
	at sun.reflect.DelegatingMethodAccessorImpl.invoke(DelegatingMethodAccessorImpl.java:43)
	at java.lang.reflect.Method.invoke(Method.java:483)
	at org.testng.internal.MethodInvocationHelper.invokeMethod(MethodInvocationHelper.java:85)
	at org.testng.internal.Invoker.invokeMethod(Invoker.java:639)
	at org.testng.internal.Invoker.invokeTestMethod(Invoker.java:816)
	at org.testng.internal.Invoker.invokeTestMethods(Invoker.java:1124)
	at org.testng.internal.TestMethodWorker.invokeTestMethods(TestMethodWorker.java:124)
	at org.testng.internal.TestMethodWorker.run(TestMethodWorker.java:108)
	at org.testng.TestRunner.privateRun(TestRunner.java:773)
	at org.testng.TestRunner.run(TestRunner.java:623)
	at org.testng.SuiteRunner.runTest(SuiteRunner.java:359)
	at org.testng.SuiteRunner.runSequentially(SuiteRunner.java:354)
	at org.testng.SuiteRunner.privateRun(SuiteRunner.java:312)
	at org.testng.SuiteRunner.run(SuiteRunner.java:261)
	at org.testng.SuiteRunnerWorker.runSuite(SuiteRunnerWorker.java:52)
	at org.testng.SuiteRunnerWorker.run(SuiteRunnerWorker.java:86)
	at org.testng.TestNG.runSuitesSequentially(TestNG.java:1185)
	at org.testng.TestNG.runSuitesLocally(TestNG.java:1110)
	at org.testng.TestNG.run(TestNG.java:1018)
	at org.testng.remote.RemoteTestNG.run(RemoteTestNG.java:112)
	at org.testng.remote.RemoteTestNG.initAndRun(RemoteTestNG.java:205)
	at org.testng.remote.RemoteTestNG.main(RemoteTestNG.java:176)
Caused by: org.apache.http.conn.HttpHostConnectException: Connect to 127.0.0.1:7056 [/127.0.0.1] failed: Connection refused
	at org.apache.http.impl.conn.DefaultHttpClientConnectionOperator.connect(DefaultHttpClientConnectionOperator.java:151)
	at org.apache.http.impl.conn.PoolingHttpClientConnectionManager.connect(PoolingHttpClientConnectionManager.java:353)
	at org.apache.http.impl.execchain.MainClientExec.establishRoute(MainClientExec.java:380)
	at org.apache.http.impl.execchain.MainClientExec.execute(MainClientExec.java:236)
	at org.apache.http.impl.execchain.ProtocolExec.execute(ProtocolExec.java:184)
	at org.apache.http.impl.execchain.RetryExec.execute(RetryExec.java:88)
	at org.apache.http.impl.execchain.RedirectExec.execute(RedirectExec.java:110)
	at org.apache.http.impl.client.InternalHttpClient.doExecute(InternalHttpClient.java:184)
	at org.apache.http.impl.client.CloseableHttpClient.execute(CloseableHttpClient.java:71)
	at org.apache.http.impl.client.CloseableHttpClient.execute(CloseableHttpClient.java:55)
	at org.openqa.selenium.remote.internal.ApacheHttpClient.fallBackExecute(ApacheHttpClient.java:143)
	at org.openqa.selenium.remote.internal.ApacheHttpClient.execute(ApacheHttpClient.java:89)
	at org.openqa.selenium.remote.HttpCommandExecutor.execute(HttpCommandExecutor.java:134)
	at org.openqa.selenium.firefox.internal.NewProfileExtensionConnection.execute(NewProfileExtensionConnection.java:170)
	at org.openqa.selenium.firefox.FirefoxDriver$LazyCommandExecutor.execute(FirefoxDriver.java:393)
	at org.openqa.selenium.remote.RemoteWebDriver.execute(RemoteWebDriver.java:568)
	... 26 more
Caused by: java.net.ConnectException: Connection refused
	at java.net.PlainSocketImpl.socketConnect(Native Method)
	at java.net.AbstractPlainSocketImpl.doConnect(AbstractPlainSocketImpl.java:345)
	at java.net.AbstractPlainSocketImpl.connectToAddress(AbstractPlainSocketImpl.java:206)
	at java.net.AbstractPlainSocketImpl.connect(AbstractPlainSocketImpl.java:188)
	at java.net.SocksSocketImpl.connect(SocksSocketImpl.java:392)
	at java.net.Socket.connect(Socket.java:589)
	at org.apache.http.conn.socket.PlainConnectionSocketFactory.connectSocket(PlainConnectionSocketFactory.java:74)
	at org.apache.http.impl.conn.DefaultHttpClientConnectionOperator.connect(DefaultHttpClientConnectionOperator.java:134)
	... 41 more
</pre></div><a href='#' onClick='toggleBox("stack-trace922807452", this, "Click to show all stack frames", "Click to hide stack frames")'>Click to show all stack frames</a>
<div class='stack-trace' id='stack-trace922807452'><pre>org.openqa.selenium.remote.UnreachableBrowserException: Error communicating with the remote browser. It may have died.
Build info: version: &apos;2.47.1&apos;, revision: &apos;411b314&apos;, time: &apos;2015-07-30 02:56:46&apos;
System info: host: &apos;thecanbutler.local&apos;, ip: &apos;10.0.0.5&apos;, os.name: &apos;Mac OS X&apos;, os.arch: &apos;x86_64&apos;, os.version: &apos;10.11.1&apos;, java.version: &apos;1.8.0_31&apos;
Driver info: driver.version: RemoteWebDriver
	at org.openqa.selenium.remote.RemoteWebDriver.execute(RemoteWebDriver.java:589)
	at org.openqa.selenium.remote.RemoteWebDriver$RemoteWebDriverOptions$RemoteWindow.maximize(RemoteWebDriver.java:833)
	at com.model.modifyProfile.changeProfile(modifyProfile.java:17)
	at sun.reflect.NativeMethodAccessorImpl.invoke0(Native Method)
	at sun.reflect.NativeMethodAccessorImpl.invoke(NativeMethodAccessorImpl.java:62)
	at sun.reflect.DelegatingMethodAccessorImpl.invoke(DelegatingMethodAccessorImpl.java:43)
	at java.lang.reflect.Method.invoke(Method.java:483)
	at org.testng.internal.MethodInvocationHelper.invokeMethod(MethodInvocationHelper.java:85)
	at org.testng.internal.Invoker.invokeMethod(Invoker.java:639)
	at org.testng.internal.Invoker.invokeTestMethod(Invoker.java:816)
	at org.testng.internal.Invoker.invokeTestMethods(Invoker.java:1124)
	at org.testng.internal.TestMethodWorker.invokeTestMethods(TestMethodWorker.java:124)
	at org.testng.internal.TestMethodWorker.run(TestMethodWorker.java:108)
	at org.testng.TestRunner.privateRun(TestRunner.java:773)
	at org.testng.TestRunner.run(TestRunner.java:623)
	at org.testng.SuiteRunner.runTest(SuiteRunner.java:359)
	at org.testng.SuiteRunner.runSequentially(SuiteRunner.java:354)
	at org.testng.SuiteRunner.privateRun(SuiteRunner.java:312)
	at org.testng.SuiteRunner.run(SuiteRunner.java:261)
	at org.testng.SuiteRunnerWorker.runSuite(SuiteRunnerWorker.java:52)
	at org.testng.SuiteRunnerWorker.run(SuiteRunnerWorker.java:86)
	at org.testng.TestNG.runSuitesSequentially(TestNG.java:1185)
	at org.testng.TestNG.runSuitesLocally(TestNG.java:1110)
	at org.testng.TestNG.run(TestNG.java:1018)
	at org.testng.remote.RemoteTestNG.run(RemoteTestNG.java:112)
	at org.testng.remote.RemoteTestNG.initAndRun(RemoteTestNG.java:205)
	at org.testng.remote.RemoteTestNG.main(RemoteTestNG.java:176)
Caused by: org.apache.http.conn.HttpHostConnectException: Connect to 127.0.0.1:7056 [/127.0.0.1] failed: Connection refused
	at org.apache.http.impl.conn.DefaultHttpClientConnectionOperator.connect(DefaultHttpClientConnectionOperator.java:151)
	at org.apache.http.impl.conn.PoolingHttpClientConnectionManager.connect(PoolingHttpClientConnectionManager.java:353)
	at org.apache.http.impl.execchain.MainClientExec.establishRoute(MainClientExec.java:380)
	at org.apache.http.impl.execchain.MainClientExec.execute(MainClientExec.java:236)
	at org.apache.http.impl.execchain.ProtocolExec.execute(ProtocolExec.java:184)
	at org.apache.http.impl.execchain.RetryExec.execute(RetryExec.java:88)
	at org.apache.http.impl.execchain.RedirectExec.execute(RedirectExec.java:110)
	at org.apache.http.impl.client.InternalHttpClient.doExecute(InternalHttpClient.java:184)
	at org.apache.http.impl.client.CloseableHttpClient.execute(CloseableHttpClient.java:71)
	at org.apache.http.impl.client.CloseableHttpClient.execute(CloseableHttpClient.java:55)
	at org.openqa.selenium.remote.internal.ApacheHttpClient.fallBackExecute(ApacheHttpClient.java:143)
	at org.openqa.selenium.remote.internal.ApacheHttpClient.execute(ApacheHttpClient.java:89)
	at org.openqa.selenium.remote.HttpCommandExecutor.execute(HttpCommandExecutor.java:134)
	at org.openqa.selenium.firefox.internal.NewProfileExtensionConnection.execute(NewProfileExtensionConnection.java:170)
	at org.openqa.selenium.firefox.FirefoxDriver$LazyCommandExecutor.execute(FirefoxDriver.java:393)
	at org.openqa.selenium.remote.RemoteWebDriver.execute(RemoteWebDriver.java:568)
	... 26 more
Caused by: java.net.ConnectException: Connection refused
	at java.net.PlainSocketImpl.socketConnect(Native Method)
	at java.net.AbstractPlainSocketImpl.doConnect(AbstractPlainSocketImpl.java:345)
	at java.net.AbstractPlainSocketImpl.connectToAddress(AbstractPlainSocketImpl.java:206)
	at java.net.AbstractPlainSocketImpl.connect(AbstractPlainSocketImpl.java:188)
	at java.net.SocksSocketImpl.connect(SocksSocketImpl.java:392)
	at java.net.Socket.connect(Socket.java:589)
	at org.apache.http.conn.socket.PlainConnectionSocketFactory.connectSocket(PlainConnectionSocketFactory.java:74)
	at org.apache.http.impl.conn.DefaultHttpClientConnectionOperator.connect(DefaultHttpClientConnectionOperator.java:134)
	... 41 more
</pre></div></td>
<td>0</td>
<td>com.model.modifyProfile@792b749c</td></tr>
<tr>
<td title='com.model.modifyProfile.changeProfile()'><b>changeProfile</b><br>Test class: com.model.modifyProfile<br>Parameters: seleniumpoi, taduS098</td>
<td><div><pre>org.openqa.selenium.remote.UnreachableBrowserException: Error communicating with the remote browser. It may have died.
Build info: version: &apos;2.47.1&apos;, revision: &apos;411b314&apos;, time: &apos;2015-07-30 02:56:46&apos;
System info: host: &apos;thecanbutler.local&apos;, ip: &apos;10.0.0.5&apos;, os.name: &apos;Mac OS X&apos;, os.arch: &apos;x86_64&apos;, os.version: &apos;10.11.1&apos;, java.version: &apos;1.8.0_31&apos;
Driver info: driver.version: RemoteWebDriver
	at org.openqa.selenium.remote.RemoteWebDriver.execute(RemoteWebDriver.java:589)
	at org.openqa.selenium.remote.RemoteWebDriver$RemoteWebDriverOptions$RemoteWindow.maximize(RemoteWebDriver.java:833)
	at com.model.modifyProfile.changeProfile(modifyProfile.java:17)
	at sun.reflect.NativeMethodAccessorImpl.invoke0(Native Method)
	at sun.reflect.NativeMethodAccessorImpl.invoke(NativeMethodAccessorImpl.java:62)
	at sun.reflect.DelegatingMethodAccessorImpl.invoke(DelegatingMethodAccessorImpl.java:43)
	at java.lang.reflect.Method.invoke(Method.java:483)
	at org.testng.internal.MethodInvocationHelper.invokeMethod(MethodInvocationHelper.java:85)
	at org.testng.internal.Invoker.invokeMethod(Invoker.java:639)
	at org.testng.internal.Invoker.invokeTestMethod(Invoker.java:816)
	at org.testng.internal.Invoker.invokeTestMethods(Invoker.java:1124)
	at org.testng.internal.TestMethodWorker.invokeTestMethods(TestMethodWorker.java:124)
	at org.testng.internal.TestMethodWorker.run(TestMethodWorker.java:108)
	at org.testng.TestRunner.privateRun(TestRunner.java:773)
	at org.testng.TestRunner.run(TestRunner.java:623)
	at org.testng.SuiteRunner.runTest(SuiteRunner.java:359)
	at org.testng.SuiteRunner.runSequentially(SuiteRunner.java:354)
	at org.testng.SuiteRunner.privateRun(SuiteRunner.java:312)
	at org.testng.SuiteRunner.run(SuiteRunner.java:261)
	at org.testng.SuiteRunnerWorker.runSuite(SuiteRunnerWorker.java:52)
	at org.testng.SuiteRunnerWorker.run(SuiteRunnerWorker.java:86)
	at org.testng.TestNG.runSuitesSequentially(TestNG.java:1185)
	at org.testng.TestNG.runSuitesLocally(TestNG.java:1110)
	at org.testng.TestNG.run(TestNG.java:1018)
	at org.testng.remote.RemoteTestNG.run(RemoteTestNG.java:112)
	at org.testng.remote.RemoteTestNG.initAndRun(RemoteTestNG.java:205)
	at org.testng.remote.RemoteTestNG.main(RemoteTestNG.java:176)
Caused by: org.apache.http.conn.HttpHostConnectException: Connect to 127.0.0.1:7056 [/127.0.0.1] failed: Connection refused
	at org.apache.http.impl.conn.DefaultHttpClientConnectionOperator.connect(DefaultHttpClientConnectionOperator.java:151)
	at org.apache.http.impl.conn.PoolingHttpClientConnectionManager.connect(PoolingHttpClientConnectionManager.java:353)
	at org.apache.http.impl.execchain.MainClientExec.establishRoute(MainClientExec.java:380)
	at org.apache.http.impl.execchain.MainClientExec.execute(MainClientExec.java:236)
	at org.apache.http.impl.execchain.ProtocolExec.execute(ProtocolExec.java:184)
	at org.apache.http.impl.execchain.RetryExec.execute(RetryExec.java:88)
	at org.apache.http.impl.execchain.RedirectExec.execute(RedirectExec.java:110)
	at org.apache.http.impl.client.InternalHttpClient.doExecute(InternalHttpClient.java:184)
	at org.apache.http.impl.client.CloseableHttpClient.execute(CloseableHttpClient.java:71)
	at org.apache.http.impl.client.CloseableHttpClient.execute(CloseableHttpClient.java:55)
	at org.openqa.selenium.remote.internal.ApacheHttpClient.fallBackExecute(ApacheHttpClient.java:143)
	at org.openqa.selenium.remote.internal.ApacheHttpClient.execute(ApacheHttpClient.java:89)
	at org.openqa.selenium.remote.HttpCommandExecutor.execute(HttpCommandExecutor.java:134)
	at org.openqa.selenium.firefox.internal.NewProfileExtensionConnection.execute(NewProfileExtensionConnection.java:170)
	at org.openqa.selenium.firefox.FirefoxDriver$LazyCommandExecutor.execute(FirefoxDriver.java:393)
	at org.openqa.selenium.remote.RemoteWebDriver.execute(RemoteWebDriver.java:568)
	... 26 more
Caused by: java.net.ConnectException: Connection refused
	at java.net.PlainSocketImpl.socketConnect(Native Method)
	at java.net.AbstractPlainSocketImpl.doConnect(AbstractPlainSocketImpl.java:345)
	at java.net.AbstractPlainSocketImpl.connectToAddress(AbstractPlainSocketImpl.java:206)
	at java.net.AbstractPlainSocketImpl.connect(AbstractPlainSocketImpl.java:188)
	at java.net.SocksSocketImpl.connect(SocksSocketImpl.java:392)
	at java.net.Socket.connect(Socket.java:589)
	at org.apache.http.conn.socket.PlainConnectionSocketFactory.connectSocket(PlainConnectionSocketFactory.java:74)
	at org.apache.http.impl.conn.DefaultHttpClientConnectionOperator.connect(DefaultHttpClientConnectionOperator.java:134)
	... 41 more
</pre></div><a href='#' onClick='toggleBox("stack-trace1257299717", this, "Click to show all stack frames", "Click to hide stack frames")'>Click to show all stack frames</a>
<div class='stack-trace' id='stack-trace1257299717'><pre>org.openqa.selenium.remote.UnreachableBrowserException: Error communicating with the remote browser. It may have died.
Build info: version: &apos;2.47.1&apos;, revision: &apos;411b314&apos;, time: &apos;2015-07-30 02:56:46&apos;
System info: host: &apos;thecanbutler.local&apos;, ip: &apos;10.0.0.5&apos;, os.name: &apos;Mac OS X&apos;, os.arch: &apos;x86_64&apos;, os.version: &apos;10.11.1&apos;, java.version: &apos;1.8.0_31&apos;
Driver info: driver.version: RemoteWebDriver
	at org.openqa.selenium.remote.RemoteWebDriver.execute(RemoteWebDriver.java:589)
	at org.openqa.selenium.remote.RemoteWebDriver$RemoteWebDriverOptions$RemoteWindow.maximize(RemoteWebDriver.java:833)
	at com.model.modifyProfile.changeProfile(modifyProfile.java:17)
	at sun.reflect.NativeMethodAccessorImpl.invoke0(Native Method)
	at sun.reflect.NativeMethodAccessorImpl.invoke(NativeMethodAccessorImpl.java:62)
	at sun.reflect.DelegatingMethodAccessorImpl.invoke(DelegatingMethodAccessorImpl.java:43)
	at java.lang.reflect.Method.invoke(Method.java:483)
	at org.testng.internal.MethodInvocationHelper.invokeMethod(MethodInvocationHelper.java:85)
	at org.testng.internal.Invoker.invokeMethod(Invoker.java:639)
	at org.testng.internal.Invoker.invokeTestMethod(Invoker.java:816)
	at org.testng.internal.Invoker.invokeTestMethods(Invoker.java:1124)
	at org.testng.internal.TestMethodWorker.invokeTestMethods(TestMethodWorker.java:124)
	at org.testng.internal.TestMethodWorker.run(TestMethodWorker.java:108)
	at org.testng.TestRunner.privateRun(TestRunner.java:773)
	at org.testng.TestRunner.run(TestRunner.java:623)
	at org.testng.SuiteRunner.runTest(SuiteRunner.java:359)
	at org.testng.SuiteRunner.runSequentially(SuiteRunner.java:354)
	at org.testng.SuiteRunner.privateRun(SuiteRunner.java:312)
	at org.testng.SuiteRunner.run(SuiteRunner.java:261)
	at org.testng.SuiteRunnerWorker.runSuite(SuiteRunnerWorker.java:52)
	at org.testng.SuiteRunnerWorker.run(SuiteRunnerWorker.java:86)
	at org.testng.TestNG.runSuitesSequentially(TestNG.java:1185)
	at org.testng.TestNG.runSuitesLocally(TestNG.java:1110)
	at org.testng.TestNG.run(TestNG.java:1018)
	at org.testng.remote.RemoteTestNG.run(RemoteTestNG.java:112)
	at org.testng.remote.RemoteTestNG.initAndRun(RemoteTestNG.java:205)
	at org.testng.remote.RemoteTestNG.main(RemoteTestNG.java:176)
Caused by: org.apache.http.conn.HttpHostConnectException: Connect to 127.0.0.1:7056 [/127.0.0.1] failed: Connection refused
	at org.apache.http.impl.conn.DefaultHttpClientConnectionOperator.connect(DefaultHttpClientConnectionOperator.java:151)
	at org.apache.http.impl.conn.PoolingHttpClientConnectionManager.connect(PoolingHttpClientConnectionManager.java:353)
	at org.apache.http.impl.execchain.MainClientExec.establishRoute(MainClientExec.java:380)
	at org.apache.http.impl.execchain.MainClientExec.execute(MainClientExec.java:236)
	at org.apache.http.impl.execchain.ProtocolExec.execute(ProtocolExec.java:184)
	at org.apache.http.impl.execchain.RetryExec.execute(RetryExec.java:88)
	at org.apache.http.impl.execchain.RedirectExec.execute(RedirectExec.java:110)
	at org.apache.http.impl.client.InternalHttpClient.doExecute(InternalHttpClient.java:184)
	at org.apache.http.impl.client.CloseableHttpClient.execute(CloseableHttpClient.java:71)
	at org.apache.http.impl.client.CloseableHttpClient.execute(CloseableHttpClient.java:55)
	at org.openqa.selenium.remote.internal.ApacheHttpClient.fallBackExecute(ApacheHttpClient.java:143)
	at org.openqa.selenium.remote.internal.ApacheHttpClient.execute(ApacheHttpClient.java:89)
	at org.openqa.selenium.remote.HttpCommandExecutor.execute(HttpCommandExecutor.java:134)
	at org.openqa.selenium.firefox.internal.NewProfileExtensionConnection.execute(NewProfileExtensionConnection.java:170)
	at org.openqa.selenium.firefox.FirefoxDriver$LazyCommandExecutor.execute(FirefoxDriver.java:393)
	at org.openqa.selenium.remote.RemoteWebDriver.execute(RemoteWebDriver.java:568)
	... 26 more
Caused by: java.net.ConnectException: Connection refused
	at java.net.PlainSocketImpl.socketConnect(Native Method)
	at java.net.AbstractPlainSocketImpl.doConnect(AbstractPlainSocketImpl.java:345)
	at java.net.AbstractPlainSocketImpl.connectToAddress(AbstractPlainSocketImpl.java:206)
	at java.net.AbstractPlainSocketImpl.connect(AbstractPlainSocketImpl.java:188)
	at java.net.SocksSocketImpl.connect(SocksSocketImpl.java:392)
	at java.net.Socket.connect(Socket.java:589)
	at org.apache.http.conn.socket.PlainConnectionSocketFactory.connectSocket(PlainConnectionSocketFactory.java:74)
	at org.apache.http.impl.conn.DefaultHttpClientConnectionOperator.connect(DefaultHttpClientConnectionOperator.java:134)
	... 41 more
</pre></div></td>
<td>0</td>
<td>com.model.modifyProfile@792b749c</td></tr>
<tr>
<td title='com.model.LandingPage.loginWordpress()'><b>loginWordpress</b><br>Test class: com.model.LandingPage<br>Parameters: seleniumpoi, taduS098</td>
<td><div><pre>org.openqa.selenium.NoSuchWindowException: Window not found. The browser window may have been closed.
Command duration or timeout: 18 milliseconds
Build info: version: &apos;2.47.1&apos;, revision: &apos;411b314&apos;, time: &apos;2015-07-30 02:56:46&apos;
System info: host: &apos;thecanbutler.local&apos;, ip: &apos;10.0.0.5&apos;, os.name: &apos;Mac OS X&apos;, os.arch: &apos;x86_64&apos;, os.version: &apos;10.11.1&apos;, java.version: &apos;1.8.0_31&apos;
Driver info: org.openqa.selenium.firefox.FirefoxDriver
Capabilities [{applicationCacheEnabled=true, rotatable=false, handlesAlerts=true, databaseEnabled=true, version=38.0.5, platform=MAC, nativeEvents=false, acceptSslCerts=true, webStorageEnabled=true, locationContextEnabled=true, browserName=firefox, takesScreenshot=true, javascriptEnabled=true, cssSelectorsEnabled=true}]
Session ID: f8e226f4-dfeb-8c41-b4b0-99d5eeb81b0d
	at sun.reflect.NativeConstructorAccessorImpl.newInstance0(Native Method)
	at sun.reflect.NativeConstructorAccessorImpl.newInstance(NativeConstructorAccessorImpl.java:62)
	at sun.reflect.DelegatingConstructorAccessorImpl.newInstance(DelegatingConstructorAccessorImpl.java:45)
	at java.lang.reflect.Constructor.newInstance(Constructor.java:408)
	at org.openqa.selenium.remote.ErrorHandler.createThrowable(ErrorHandler.java:206)
	at org.openqa.selenium.remote.ErrorHandler.throwIfResponseFailed(ErrorHandler.java:158)
	at org.openqa.selenium.remote.RemoteWebDriver.execute(RemoteWebDriver.java:595)
	at org.openqa.selenium.remote.RemoteWebDriver$RemoteWebDriverOptions$RemoteWindow.maximize(RemoteWebDriver.java:833)
	at com.model.LandingPage.loginWordpress(LandingPage.java:19)
	at sun.reflect.NativeMethodAccessorImpl.invoke0(Native Method)
	at sun.reflect.NativeMethodAccessorImpl.invoke(NativeMethodAccessorImpl.java:62)
	at sun.reflect.DelegatingMethodAccessorImpl.invoke(DelegatingMethodAccessorImpl.java:43)
	at java.lang.reflect.Method.invoke(Method.java:483)
	at org.testng.internal.MethodInvocationHelper.invokeMethod(MethodInvocationHelper.java:85)
	at org.testng.internal.Invoker.invokeMethod(Invoker.java:639)
	at org.testng.internal.Invoker.invokeTestMethod(Invoker.java:816)
	at org.testng.internal.Invoker.invokeTestMethods(Invoker.java:1124)
	at org.testng.internal.TestMethodWorker.invokeTestMethods(TestMethodWorker.java:124)
	at org.testng.internal.TestMethodWorker.run(TestMethodWorker.java:108)
	at org.testng.TestRunner.privateRun(TestRunner.java:773)
	at org.testng.TestRunner.run(TestRunner.java:623)
	at org.testng.SuiteRunner.runTest(SuiteRunner.java:359)
	at org.testng.SuiteRunner.runSequentially(SuiteRunner.java:354)
	at org.testng.SuiteRunner.privateRun(SuiteRunner.java:312)
	at org.testng.SuiteRunner.run(SuiteRunner.java:261)
	at org.testng.SuiteRunnerWorker.runSuite(SuiteRunnerWorker.java:52)
	at org.testng.SuiteRunnerWorker.run(SuiteRunnerWorker.java:86)
	at org.testng.TestNG.runSuitesSequentially(TestNG.java:1185)
	at org.testng.TestNG.runSuitesLocally(TestNG.java:1110)
	at org.testng.TestNG.run(TestNG.java:1018)
	at org.testng.remote.RemoteTestNG.run(RemoteTestNG.java:112)
	at org.testng.remote.RemoteTestNG.initAndRun(RemoteTestNG.java:205)
	at org.testng.remote.RemoteTestNG.main(RemoteTestNG.java:176)
Caused by: org.openqa.selenium.NoSuchWindowException: Window not found. The browser window may have been closed.
Build info: version: &apos;2.47.1&apos;, revision: &apos;411b314&apos;, time: &apos;2015-07-30 02:56:46&apos;
System info: host: &apos;thecanbutler.local&apos;, ip: &apos;10.0.0.5&apos;, os.name: &apos;Mac OS X&apos;, os.arch: &apos;x86_64&apos;, os.version: &apos;10.11.1&apos;, java.version: &apos;1.8.0_31&apos;
Driver info: driver.version: unknown
	at &lt;anonymous class&gt;.nsCommandProcessor.prototype.execute(file:///var/folders/k6/507x0h4145jcr2dx9xx7wy_80000gn/T/anonymous8157604146577728969webdriver-profile/extensions/fxdriver@googlecode.com/components/command-processor.js:12711)
	at &lt;anonymous class&gt;.Dispatcher.executeAs/&lt;(file:///var/folders/k6/507x0h4145jcr2dx9xx7wy_80000gn/T/anonymous8157604146577728969webdriver-profile/extensions/fxdriver@googlecode.com/components/driver-component.js:9456)
	at &lt;anonymous class&gt;.Resource.prototype.handle(file:///var/folders/k6/507x0h4145jcr2dx9xx7wy_80000gn/T/anonymous8157604146577728969webdriver-profile/extensions/fxdriver@googlecode.com/components/driver-component.js:9603)
	at &lt;anonymous class&gt;.Dispatcher.prototype.dispatch(file:///var/folders/k6/507x0h4145jcr2dx9xx7wy_80000gn/T/anonymous8157604146577728969webdriver-profile/extensions/fxdriver@googlecode.com/components/driver-component.js:9550)
	at &lt;anonymous class&gt;.WebDriverServer/&lt;.handle(file:///var/folders/k6/507x0h4145jcr2dx9xx7wy_80000gn/T/anonymous8157604146577728969webdriver-profile/extensions/fxdriver@googlecode.com/components/driver-component.js:12497)
	at &lt;anonymous class&gt;.createHandlerFunc/&lt;(file:///var/folders/k6/507x0h4145jcr2dx9xx7wy_80000gn/T/anonymous8157604146577728969webdriver-profile/extensions/fxdriver@googlecode.com/components/httpd.js:2054)
	at &lt;anonymous class&gt;.ServerHandler.prototype.handleResponse(file:///var/folders/k6/507x0h4145jcr2dx9xx7wy_80000gn/T/anonymous8157604146577728969webdriver-profile/extensions/fxdriver@googlecode.com/components/httpd.js:2387)
	at &lt;anonymous class&gt;.Connection.prototype.process(file:///var/folders/k6/507x0h4145jcr2dx9xx7wy_80000gn/T/anonymous8157604146577728969webdriver-profile/extensions/fxdriver@googlecode.com/components/httpd.js:1223)
	at &lt;anonymous class&gt;.RequestReader.prototype._handleResponse(file:///var/folders/k6/507x0h4145jcr2dx9xx7wy_80000gn/T/anonymous8157604146577728969webdriver-profile/extensions/fxdriver@googlecode.com/components/httpd.js:1677)
	at &lt;anonymous class&gt;.RequestReader.prototype._processBody(file:///var/folders/k6/507x0h4145jcr2dx9xx7wy_80000gn/T/anonymous8157604146577728969webdriver-profile/extensions/fxdriver@googlecode.com/components/httpd.js:1525)
	at &lt;anonymous class&gt;.RequestReader.prototype.onInputStreamReady(file:///var/folders/k6/507x0h4145jcr2dx9xx7wy_80000gn/T/anonymous8157604146577728969webdriver-profile/extensions/fxdriver@googlecode.com/components/httpd.js:1393)
</pre></div><a href='#' onClick='toggleBox("stack-trace1966355106", this, "Click to show all stack frames", "Click to hide stack frames")'>Click to show all stack frames</a>
<div class='stack-trace' id='stack-trace1966355106'><pre>org.openqa.selenium.NoSuchWindowException: Window not found. The browser window may have been closed.
Command duration or timeout: 18 milliseconds
Build info: version: &apos;2.47.1&apos;, revision: &apos;411b314&apos;, time: &apos;2015-07-30 02:56:46&apos;
System info: host: &apos;thecanbutler.local&apos;, ip: &apos;10.0.0.5&apos;, os.name: &apos;Mac OS X&apos;, os.arch: &apos;x86_64&apos;, os.version: &apos;10.11.1&apos;, java.version: &apos;1.8.0_31&apos;
Driver info: org.openqa.selenium.firefox.FirefoxDriver
Capabilities [{applicationCacheEnabled=true, rotatable=false, handlesAlerts=true, databaseEnabled=true, version=38.0.5, platform=MAC, nativeEvents=false, acceptSslCerts=true, webStorageEnabled=true, locationContextEnabled=true, browserName=firefox, takesScreenshot=true, javascriptEnabled=true, cssSelectorsEnabled=true}]
Session ID: f8e226f4-dfeb-8c41-b4b0-99d5eeb81b0d
	at sun.reflect.NativeConstructorAccessorImpl.newInstance0(Native Method)
	at sun.reflect.NativeConstructorAccessorImpl.newInstance(NativeConstructorAccessorImpl.java:62)
	at sun.reflect.DelegatingConstructorAccessorImpl.newInstance(DelegatingConstructorAccessorImpl.java:45)
	at java.lang.reflect.Constructor.newInstance(Constructor.java:408)
	at org.openqa.selenium.remote.ErrorHandler.createThrowable(ErrorHandler.java:206)
	at org.openqa.selenium.remote.ErrorHandler.throwIfResponseFailed(ErrorHandler.java:158)
	at org.openqa.selenium.remote.RemoteWebDriver.execute(RemoteWebDriver.java:595)
	at org.openqa.selenium.remote.RemoteWebDriver$RemoteWebDriverOptions$RemoteWindow.maximize(RemoteWebDriver.java:833)
	at com.model.LandingPage.loginWordpress(LandingPage.java:19)
	at sun.reflect.NativeMethodAccessorImpl.invoke0(Native Method)
	at sun.reflect.NativeMethodAccessorImpl.invoke(NativeMethodAccessorImpl.java:62)
	at sun.reflect.DelegatingMethodAccessorImpl.invoke(DelegatingMethodAccessorImpl.java:43)
	at java.lang.reflect.Method.invoke(Method.java:483)
	at org.testng.internal.MethodInvocationHelper.invokeMethod(MethodInvocationHelper.java:85)
	at org.testng.internal.Invoker.invokeMethod(Invoker.java:639)
	at org.testng.internal.Invoker.invokeTestMethod(Invoker.java:816)
	at org.testng.internal.Invoker.invokeTestMethods(Invoker.java:1124)
	at org.testng.internal.TestMethodWorker.invokeTestMethods(TestMethodWorker.java:124)
	at org.testng.internal.TestMethodWorker.run(TestMethodWorker.java:108)
	at org.testng.TestRunner.privateRun(TestRunner.java:773)
	at org.testng.TestRunner.run(TestRunner.java:623)
	at org.testng.SuiteRunner.runTest(SuiteRunner.java:359)
	at org.testng.SuiteRunner.runSequentially(SuiteRunner.java:354)
	at org.testng.SuiteRunner.privateRun(SuiteRunner.java:312)
	at org.testng.SuiteRunner.run(SuiteRunner.java:261)
	at org.testng.SuiteRunnerWorker.runSuite(SuiteRunnerWorker.java:52)
	at org.testng.SuiteRunnerWorker.run(SuiteRunnerWorker.java:86)
	at org.testng.TestNG.runSuitesSequentially(TestNG.java:1185)
	at org.testng.TestNG.runSuitesLocally(TestNG.java:1110)
	at org.testng.TestNG.run(TestNG.java:1018)
	at org.testng.remote.RemoteTestNG.run(RemoteTestNG.java:112)
	at org.testng.remote.RemoteTestNG.initAndRun(RemoteTestNG.java:205)
	at org.testng.remote.RemoteTestNG.main(RemoteTestNG.java:176)
Caused by: org.openqa.selenium.NoSuchWindowException: Window not found. The browser window may have been closed.
Build info: version: &apos;2.47.1&apos;, revision: &apos;411b314&apos;, time: &apos;2015-07-30 02:56:46&apos;
System info: host: &apos;thecanbutler.local&apos;, ip: &apos;10.0.0.5&apos;, os.name: &apos;Mac OS X&apos;, os.arch: &apos;x86_64&apos;, os.version: &apos;10.11.1&apos;, java.version: &apos;1.8.0_31&apos;
Driver info: driver.version: unknown
	at &lt;anonymous class&gt;.nsCommandProcessor.prototype.execute(file:///var/folders/k6/507x0h4145jcr2dx9xx7wy_80000gn/T/anonymous8157604146577728969webdriver-profile/extensions/fxdriver@googlecode.com/components/command-processor.js:12711)
	at &lt;anonymous class&gt;.Dispatcher.executeAs/&lt;(file:///var/folders/k6/507x0h4145jcr2dx9xx7wy_80000gn/T/anonymous8157604146577728969webdriver-profile/extensions/fxdriver@googlecode.com/components/driver-component.js:9456)
	at &lt;anonymous class&gt;.Resource.prototype.handle(file:///var/folders/k6/507x0h4145jcr2dx9xx7wy_80000gn/T/anonymous8157604146577728969webdriver-profile/extensions/fxdriver@googlecode.com/components/driver-component.js:9603)
	at &lt;anonymous class&gt;.Dispatcher.prototype.dispatch(file:///var/folders/k6/507x0h4145jcr2dx9xx7wy_80000gn/T/anonymous8157604146577728969webdriver-profile/extensions/fxdriver@googlecode.com/components/driver-component.js:9550)
	at &lt;anonymous class&gt;.WebDriverServer/&lt;.handle(file:///var/folders/k6/507x0h4145jcr2dx9xx7wy_80000gn/T/anonymous8157604146577728969webdriver-profile/extensions/fxdriver@googlecode.com/components/driver-component.js:12497)
	at &lt;anonymous class&gt;.createHandlerFunc/&lt;(file:///var/folders/k6/507x0h4145jcr2dx9xx7wy_80000gn/T/anonymous8157604146577728969webdriver-profile/extensions/fxdriver@googlecode.com/components/httpd.js:2054)
	at &lt;anonymous class&gt;.ServerHandler.prototype.handleResponse(file:///var/folders/k6/507x0h4145jcr2dx9xx7wy_80000gn/T/anonymous8157604146577728969webdriver-profile/extensions/fxdriver@googlecode.com/components/httpd.js:2387)
	at &lt;anonymous class&gt;.Connection.prototype.process(file:///var/folders/k6/507x0h4145jcr2dx9xx7wy_80000gn/T/anonymous8157604146577728969webdriver-profile/extensions/fxdriver@googlecode.com/components/httpd.js:1223)
	at &lt;anonymous class&gt;.RequestReader.prototype._handleResponse(file:///var/folders/k6/507x0h4145jcr2dx9xx7wy_80000gn/T/anonymous8157604146577728969webdriver-profile/extensions/fxdriver@googlecode.com/components/httpd.js:1677)
	at &lt;anonymous class&gt;.RequestReader.prototype._processBody(file:///var/folders/k6/507x0h4145jcr2dx9xx7wy_80000gn/T/anonymous8157604146577728969webdriver-profile/extensions/fxdriver@googlecode.com/components/httpd.js:1525)
	at &lt;anonymous class&gt;.RequestReader.prototype.onInputStreamReady(file:///var/folders/k6/507x0h4145jcr2dx9xx7wy_80000gn/T/anonymous8157604146577728969webdriver-profile/extensions/fxdriver@googlecode.com/components/httpd.js:1393)
</pre></div></td>
<td>0</td>
<td>com.model.LandingPage@23e84203</td></tr>
<tr>
<td title='com.model.LandingPage.loginWordpress()'><b>loginWordpress</b><br>Test class: com.model.LandingPage<br>Parameters: capitolkrs, meseretesA@098</td>
<td><div><pre>org.openqa.selenium.NoSuchWindowException: Window not found. The browser window may have been closed.
Command duration or timeout: 23 milliseconds
Build info: version: &apos;2.47.1&apos;, revision: &apos;411b314&apos;, time: &apos;2015-07-30 02:56:46&apos;
System info: host: &apos;thecanbutler.local&apos;, ip: &apos;10.0.0.5&apos;, os.name: &apos;Mac OS X&apos;, os.arch: &apos;x86_64&apos;, os.version: &apos;10.11.1&apos;, java.version: &apos;1.8.0_31&apos;
Driver info: org.openqa.selenium.firefox.FirefoxDriver
Capabilities [{applicationCacheEnabled=true, rotatable=false, handlesAlerts=true, databaseEnabled=true, version=38.0.5, platform=MAC, nativeEvents=false, acceptSslCerts=true, webStorageEnabled=true, locationContextEnabled=true, browserName=firefox, takesScreenshot=true, javascriptEnabled=true, cssSelectorsEnabled=true}]
Session ID: f8e226f4-dfeb-8c41-b4b0-99d5eeb81b0d
	at sun.reflect.NativeConstructorAccessorImpl.newInstance0(Native Method)
	at sun.reflect.NativeConstructorAccessorImpl.newInstance(NativeConstructorAccessorImpl.java:62)
	at sun.reflect.DelegatingConstructorAccessorImpl.newInstance(DelegatingConstructorAccessorImpl.java:45)
	at java.lang.reflect.Constructor.newInstance(Constructor.java:408)
	at org.openqa.selenium.remote.ErrorHandler.createThrowable(ErrorHandler.java:206)
	at org.openqa.selenium.remote.ErrorHandler.throwIfResponseFailed(ErrorHandler.java:158)
	at org.openqa.selenium.remote.RemoteWebDriver.execute(RemoteWebDriver.java:595)
	at org.openqa.selenium.remote.RemoteWebDriver$RemoteWebDriverOptions$RemoteWindow.maximize(RemoteWebDriver.java:833)
	at com.model.LandingPage.loginWordpress(LandingPage.java:19)
	at sun.reflect.NativeMethodAccessorImpl.invoke0(Native Method)
	at sun.reflect.NativeMethodAccessorImpl.invoke(NativeMethodAccessorImpl.java:62)
	at sun.reflect.DelegatingMethodAccessorImpl.invoke(DelegatingMethodAccessorImpl.java:43)
	at java.lang.reflect.Method.invoke(Method.java:483)
	at org.testng.internal.MethodInvocationHelper.invokeMethod(MethodInvocationHelper.java:85)
	at org.testng.internal.Invoker.invokeMethod(Invoker.java:639)
	at org.testng.internal.Invoker.invokeTestMethod(Invoker.java:816)
	at org.testng.internal.Invoker.invokeTestMethods(Invoker.java:1124)
	at org.testng.internal.TestMethodWorker.invokeTestMethods(TestMethodWorker.java:124)
	at org.testng.internal.TestMethodWorker.run(TestMethodWorker.java:108)
	at org.testng.TestRunner.privateRun(TestRunner.java:773)
	at org.testng.TestRunner.run(TestRunner.java:623)
	at org.testng.SuiteRunner.runTest(SuiteRunner.java:359)
	at org.testng.SuiteRunner.runSequentially(SuiteRunner.java:354)
	at org.testng.SuiteRunner.privateRun(SuiteRunner.java:312)
	at org.testng.SuiteRunner.run(SuiteRunner.java:261)
	at org.testng.SuiteRunnerWorker.runSuite(SuiteRunnerWorker.java:52)
	at org.testng.SuiteRunnerWorker.run(SuiteRunnerWorker.java:86)
	at org.testng.TestNG.runSuitesSequentially(TestNG.java:1185)
	at org.testng.TestNG.runSuitesLocally(TestNG.java:1110)
	at org.testng.TestNG.run(TestNG.java:1018)
	at org.testng.remote.RemoteTestNG.run(RemoteTestNG.java:112)
	at org.testng.remote.RemoteTestNG.initAndRun(RemoteTestNG.java:205)
	at org.testng.remote.RemoteTestNG.main(RemoteTestNG.java:176)
Caused by: org.openqa.selenium.NoSuchWindowException: Window not found. The browser window may have been closed.
Build info: version: &apos;2.47.1&apos;, revision: &apos;411b314&apos;, time: &apos;2015-07-30 02:56:46&apos;
System info: host: &apos;thecanbutler.local&apos;, ip: &apos;10.0.0.5&apos;, os.name: &apos;Mac OS X&apos;, os.arch: &apos;x86_64&apos;, os.version: &apos;10.11.1&apos;, java.version: &apos;1.8.0_31&apos;
Driver info: driver.version: unknown
	at &lt;anonymous class&gt;.nsCommandProcessor.prototype.execute(file:///var/folders/k6/507x0h4145jcr2dx9xx7wy_80000gn/T/anonymous8157604146577728969webdriver-profile/extensions/fxdriver@googlecode.com/components/command-processor.js:12711)
	at &lt;anonymous class&gt;.Dispatcher.executeAs/&lt;(file:///var/folders/k6/507x0h4145jcr2dx9xx7wy_80000gn/T/anonymous8157604146577728969webdriver-profile/extensions/fxdriver@googlecode.com/components/driver-component.js:9456)
	at &lt;anonymous class&gt;.Resource.prototype.handle(file:///var/folders/k6/507x0h4145jcr2dx9xx7wy_80000gn/T/anonymous8157604146577728969webdriver-profile/extensions/fxdriver@googlecode.com/components/driver-component.js:9603)
	at &lt;anonymous class&gt;.Dispatcher.prototype.dispatch(file:///var/folders/k6/507x0h4145jcr2dx9xx7wy_80000gn/T/anonymous8157604146577728969webdriver-profile/extensions/fxdriver@googlecode.com/components/driver-component.js:9550)
	at &lt;anonymous class&gt;.WebDriverServer/&lt;.handle(file:///var/folders/k6/507x0h4145jcr2dx9xx7wy_80000gn/T/anonymous8157604146577728969webdriver-profile/extensions/fxdriver@googlecode.com/components/driver-component.js:12497)
	at &lt;anonymous class&gt;.createHandlerFunc/&lt;(file:///var/folders/k6/507x0h4145jcr2dx9xx7wy_80000gn/T/anonymous8157604146577728969webdriver-profile/extensions/fxdriver@googlecode.com/components/httpd.js:2054)
	at &lt;anonymous class&gt;.ServerHandler.prototype.handleResponse(file:///var/folders/k6/507x0h4145jcr2dx9xx7wy_80000gn/T/anonymous8157604146577728969webdriver-profile/extensions/fxdriver@googlecode.com/components/httpd.js:2387)
	at &lt;anonymous class&gt;.Connection.prototype.process(file:///var/folders/k6/507x0h4145jcr2dx9xx7wy_80000gn/T/anonymous8157604146577728969webdriver-profile/extensions/fxdriver@googlecode.com/components/httpd.js:1223)
	at &lt;anonymous class&gt;.RequestReader.prototype._handleResponse(file:///var/folders/k6/507x0h4145jcr2dx9xx7wy_80000gn/T/anonymous8157604146577728969webdriver-profile/extensions/fxdriver@googlecode.com/components/httpd.js:1677)
	at &lt;anonymous class&gt;.RequestReader.prototype._processBody(file:///var/folders/k6/507x0h4145jcr2dx9xx7wy_80000gn/T/anonymous8157604146577728969webdriver-profile/extensions/fxdriver@googlecode.com/components/httpd.js:1525)
	at &lt;anonymous class&gt;.RequestReader.prototype.onInputStreamReady(file:///var/folders/k6/507x0h4145jcr2dx9xx7wy_80000gn/T/anonymous8157604146577728969webdriver-profile/extensions/fxdriver@googlecode.com/components/httpd.js:1393)
</pre></div><a href='#' onClick='toggleBox("stack-trace1760219993", this, "Click to show all stack frames", "Click to hide stack frames")'>Click to show all stack frames</a>
<div class='stack-trace' id='stack-trace1760219993'><pre>org.openqa.selenium.NoSuchWindowException: Window not found. The browser window may have been closed.
Command duration or timeout: 23 milliseconds
Build info: version: &apos;2.47.1&apos;, revision: &apos;411b314&apos;, time: &apos;2015-07-30 02:56:46&apos;
System info: host: &apos;thecanbutler.local&apos;, ip: &apos;10.0.0.5&apos;, os.name: &apos;Mac OS X&apos;, os.arch: &apos;x86_64&apos;, os.version: &apos;10.11.1&apos;, java.version: &apos;1.8.0_31&apos;
Driver info: org.openqa.selenium.firefox.FirefoxDriver
Capabilities [{applicationCacheEnabled=true, rotatable=false, handlesAlerts=true, databaseEnabled=true, version=38.0.5, platform=MAC, nativeEvents=false, acceptSslCerts=true, webStorageEnabled=true, locationContextEnabled=true, browserName=firefox, takesScreenshot=true, javascriptEnabled=true, cssSelectorsEnabled=true}]
Session ID: f8e226f4-dfeb-8c41-b4b0-99d5eeb81b0d
	at sun.reflect.NativeConstructorAccessorImpl.newInstance0(Native Method)
	at sun.reflect.NativeConstructorAccessorImpl.newInstance(NativeConstructorAccessorImpl.java:62)
	at sun.reflect.DelegatingConstructorAccessorImpl.newInstance(DelegatingConstructorAccessorImpl.java:45)
	at java.lang.reflect.Constructor.newInstance(Constructor.java:408)
	at org.openqa.selenium.remote.ErrorHandler.createThrowable(ErrorHandler.java:206)
	at org.openqa.selenium.remote.ErrorHandler.throwIfResponseFailed(ErrorHandler.java:158)
	at org.openqa.selenium.remote.RemoteWebDriver.execute(RemoteWebDriver.java:595)
	at org.openqa.selenium.remote.RemoteWebDriver$RemoteWebDriverOptions$RemoteWindow.maximize(RemoteWebDriver.java:833)
	at com.model.LandingPage.loginWordpress(LandingPage.java:19)
	at sun.reflect.NativeMethodAccessorImpl.invoke0(Native Method)
	at sun.reflect.NativeMethodAccessorImpl.invoke(NativeMethodAccessorImpl.java:62)
	at sun.reflect.DelegatingMethodAccessorImpl.invoke(DelegatingMethodAccessorImpl.java:43)
	at java.lang.reflect.Method.invoke(Method.java:483)
	at org.testng.internal.MethodInvocationHelper.invokeMethod(MethodInvocationHelper.java:85)
	at org.testng.internal.Invoker.invokeMethod(Invoker.java:639)
	at org.testng.internal.Invoker.invokeTestMethod(Invoker.java:816)
	at org.testng.internal.Invoker.invokeTestMethods(Invoker.java:1124)
	at org.testng.internal.TestMethodWorker.invokeTestMethods(TestMethodWorker.java:124)
	at org.testng.internal.TestMethodWorker.run(TestMethodWorker.java:108)
	at org.testng.TestRunner.privateRun(TestRunner.java:773)
	at org.testng.TestRunner.run(TestRunner.java:623)
	at org.testng.SuiteRunner.runTest(SuiteRunner.java:359)
	at org.testng.SuiteRunner.runSequentially(SuiteRunner.java:354)
	at org.testng.SuiteRunner.privateRun(SuiteRunner.java:312)
	at org.testng.SuiteRunner.run(SuiteRunner.java:261)
	at org.testng.SuiteRunnerWorker.runSuite(SuiteRunnerWorker.java:52)
	at org.testng.SuiteRunnerWorker.run(SuiteRunnerWorker.java:86)
	at org.testng.TestNG.runSuitesSequentially(TestNG.java:1185)
	at org.testng.TestNG.runSuitesLocally(TestNG.java:1110)
	at org.testng.TestNG.run(TestNG.java:1018)
	at org.testng.remote.RemoteTestNG.run(RemoteTestNG.java:112)
	at org.testng.remote.RemoteTestNG.initAndRun(RemoteTestNG.java:205)
	at org.testng.remote.RemoteTestNG.main(RemoteTestNG.java:176)
Caused by: org.openqa.selenium.NoSuchWindowException: Window not found. The browser window may have been closed.
Build info: version: &apos;2.47.1&apos;, revision: &apos;411b314&apos;, time: &apos;2015-07-30 02:56:46&apos;
System info: host: &apos;thecanbutler.local&apos;, ip: &apos;10.0.0.5&apos;, os.name: &apos;Mac OS X&apos;, os.arch: &apos;x86_64&apos;, os.version: &apos;10.11.1&apos;, java.version: &apos;1.8.0_31&apos;
Driver info: driver.version: unknown
	at &lt;anonymous class&gt;.nsCommandProcessor.prototype.execute(file:///var/folders/k6/507x0h4145jcr2dx9xx7wy_80000gn/T/anonymous8157604146577728969webdriver-profile/extensions/fxdriver@googlecode.com/components/command-processor.js:12711)
	at &lt;anonymous class&gt;.Dispatcher.executeAs/&lt;(file:///var/folders/k6/507x0h4145jcr2dx9xx7wy_80000gn/T/anonymous8157604146577728969webdriver-profile/extensions/fxdriver@googlecode.com/components/driver-component.js:9456)
	at &lt;anonymous class&gt;.Resource.prototype.handle(file:///var/folders/k6/507x0h4145jcr2dx9xx7wy_80000gn/T/anonymous8157604146577728969webdriver-profile/extensions/fxdriver@googlecode.com/components/driver-component.js:9603)
	at &lt;anonymous class&gt;.Dispatcher.prototype.dispatch(file:///var/folders/k6/507x0h4145jcr2dx9xx7wy_80000gn/T/anonymous8157604146577728969webdriver-profile/extensions/fxdriver@googlecode.com/components/driver-component.js:9550)
	at &lt;anonymous class&gt;.WebDriverServer/&lt;.handle(file:///var/folders/k6/507x0h4145jcr2dx9xx7wy_80000gn/T/anonymous8157604146577728969webdriver-profile/extensions/fxdriver@googlecode.com/components/driver-component.js:12497)
	at &lt;anonymous class&gt;.createHandlerFunc/&lt;(file:///var/folders/k6/507x0h4145jcr2dx9xx7wy_80000gn/T/anonymous8157604146577728969webdriver-profile/extensions/fxdriver@googlecode.com/components/httpd.js:2054)
	at &lt;anonymous class&gt;.ServerHandler.prototype.handleResponse(file:///var/folders/k6/507x0h4145jcr2dx9xx7wy_80000gn/T/anonymous8157604146577728969webdriver-profile/extensions/fxdriver@googlecode.com/components/httpd.js:2387)
	at &lt;anonymous class&gt;.Connection.prototype.process(file:///var/folders/k6/507x0h4145jcr2dx9xx7wy_80000gn/T/anonymous8157604146577728969webdriver-profile/extensions/fxdriver@googlecode.com/components/httpd.js:1223)
	at &lt;anonymous class&gt;.RequestReader.prototype._handleResponse(file:///var/folders/k6/507x0h4145jcr2dx9xx7wy_80000gn/T/anonymous8157604146577728969webdriver-profile/extensions/fxdriver@googlecode.com/components/httpd.js:1677)
	at &lt;anonymous class&gt;.RequestReader.prototype._processBody(file:///var/folders/k6/507x0h4145jcr2dx9xx7wy_80000gn/T/anonymous8157604146577728969webdriver-profile/extensions/fxdriver@googlecode.com/components/httpd.js:1525)
	at &lt;anonymous class&gt;.RequestReader.prototype.onInputStreamReady(file:///var/folders/k6/507x0h4145jcr2dx9xx7wy_80000gn/T/anonymous8157604146577728969webdriver-profile/extensions/fxdriver@googlecode.com/components/httpd.js:1393)
</pre></div></td>
<td>0</td>
<td>com.model.LandingPage@23e84203</td></tr>
<tr>
<td title='com.model.LandingPage.loginWordpress()'><b>loginWordpress</b><br>Test class: com.model.LandingPage<br>Parameters: seleniumpoi, taduS098</td>
<td><div><pre>org.openqa.selenium.NoSuchWindowException: Window not found. The browser window may have been closed.
Command duration or timeout: 16 milliseconds
Build info: version: &apos;2.47.1&apos;, revision: &apos;411b314&apos;, time: &apos;2015-07-30 02:56:46&apos;
System info: host: &apos;thecanbutler.local&apos;, ip: &apos;10.0.0.5&apos;, os.name: &apos;Mac OS X&apos;, os.arch: &apos;x86_64&apos;, os.version: &apos;10.11.1&apos;, java.version: &apos;1.8.0_31&apos;
Driver info: org.openqa.selenium.firefox.FirefoxDriver
Capabilities [{applicationCacheEnabled=true, rotatable=false, handlesAlerts=true, databaseEnabled=true, version=38.0.5, platform=MAC, nativeEvents=false, acceptSslCerts=true, webStorageEnabled=true, locationContextEnabled=true, browserName=firefox, takesScreenshot=true, javascriptEnabled=true, cssSelectorsEnabled=true}]
Session ID: f8e226f4-dfeb-8c41-b4b0-99d5eeb81b0d
	at sun.reflect.NativeConstructorAccessorImpl.newInstance0(Native Method)
	at sun.reflect.NativeConstructorAccessorImpl.newInstance(NativeConstructorAccessorImpl.java:62)
	at sun.reflect.DelegatingConstructorAccessorImpl.newInstance(DelegatingConstructorAccessorImpl.java:45)
	at java.lang.reflect.Constructor.newInstance(Constructor.java:408)
	at org.openqa.selenium.remote.ErrorHandler.createThrowable(ErrorHandler.java:206)
	at org.openqa.selenium.remote.ErrorHandler.throwIfResponseFailed(ErrorHandler.java:158)
	at org.openqa.selenium.remote.RemoteWebDriver.execute(RemoteWebDriver.java:595)
	at org.openqa.selenium.remote.RemoteWebDriver$RemoteWebDriverOptions$RemoteWindow.maximize(RemoteWebDriver.java:833)
	at com.model.LandingPage.loginWordpress(LandingPage.java:19)
	at sun.reflect.NativeMethodAccessorImpl.invoke0(Native Method)
	at sun.reflect.NativeMethodAccessorImpl.invoke(NativeMethodAccessorImpl.java:62)
	at sun.reflect.DelegatingMethodAccessorImpl.invoke(DelegatingMethodAccessorImpl.java:43)
	at java.lang.reflect.Method.invoke(Method.java:483)
	at org.testng.internal.MethodInvocationHelper.invokeMethod(MethodInvocationHelper.java:85)
	at org.testng.internal.Invoker.invokeMethod(Invoker.java:639)
	at org.testng.internal.Invoker.invokeTestMethod(Invoker.java:816)
	at org.testng.internal.Invoker.invokeTestMethods(Invoker.java:1124)
	at org.testng.internal.TestMethodWorker.invokeTestMethods(TestMethodWorker.java:124)
	at org.testng.internal.TestMethodWorker.run(TestMethodWorker.java:108)
	at org.testng.TestRunner.privateRun(TestRunner.java:773)
	at org.testng.TestRunner.run(TestRunner.java:623)
	at org.testng.SuiteRunner.runTest(SuiteRunner.java:359)
	at org.testng.SuiteRunner.runSequentially(SuiteRunner.java:354)
	at org.testng.SuiteRunner.privateRun(SuiteRunner.java:312)
	at org.testng.SuiteRunner.run(SuiteRunner.java:261)
	at org.testng.SuiteRunnerWorker.runSuite(SuiteRunnerWorker.java:52)
	at org.testng.SuiteRunnerWorker.run(SuiteRunnerWorker.java:86)
	at org.testng.TestNG.runSuitesSequentially(TestNG.java:1185)
	at org.testng.TestNG.runSuitesLocally(TestNG.java:1110)
	at org.testng.TestNG.run(TestNG.java:1018)
	at org.testng.remote.RemoteTestNG.run(RemoteTestNG.java:112)
	at org.testng.remote.RemoteTestNG.initAndRun(RemoteTestNG.java:205)
	at org.testng.remote.RemoteTestNG.main(RemoteTestNG.java:176)
Caused by: org.openqa.selenium.NoSuchWindowException: Window not found. The browser window may have been closed.
Build info: version: &apos;2.47.1&apos;, revision: &apos;411b314&apos;, time: &apos;2015-07-30 02:56:46&apos;
System info: host: &apos;thecanbutler.local&apos;, ip: &apos;10.0.0.5&apos;, os.name: &apos;Mac OS X&apos;, os.arch: &apos;x86_64&apos;, os.version: &apos;10.11.1&apos;, java.version: &apos;1.8.0_31&apos;
Driver info: driver.version: unknown
	at &lt;anonymous class&gt;.nsCommandProcessor.prototype.execute(file:///var/folders/k6/507x0h4145jcr2dx9xx7wy_80000gn/T/anonymous8157604146577728969webdriver-profile/extensions/fxdriver@googlecode.com/components/command-processor.js:12711)
	at &lt;anonymous class&gt;.Dispatcher.executeAs/&lt;(file:///var/folders/k6/507x0h4145jcr2dx9xx7wy_80000gn/T/anonymous8157604146577728969webdriver-profile/extensions/fxdriver@googlecode.com/components/driver-component.js:9456)
	at &lt;anonymous class&gt;.Resource.prototype.handle(file:///var/folders/k6/507x0h4145jcr2dx9xx7wy_80000gn/T/anonymous8157604146577728969webdriver-profile/extensions/fxdriver@googlecode.com/components/driver-component.js:9603)
	at &lt;anonymous class&gt;.Dispatcher.prototype.dispatch(file:///var/folders/k6/507x0h4145jcr2dx9xx7wy_80000gn/T/anonymous8157604146577728969webdriver-profile/extensions/fxdriver@googlecode.com/components/driver-component.js:9550)
	at &lt;anonymous class&gt;.WebDriverServer/&lt;.handle(file:///var/folders/k6/507x0h4145jcr2dx9xx7wy_80000gn/T/anonymous8157604146577728969webdriver-profile/extensions/fxdriver@googlecode.com/components/driver-component.js:12497)
	at &lt;anonymous class&gt;.createHandlerFunc/&lt;(file:///var/folders/k6/507x0h4145jcr2dx9xx7wy_80000gn/T/anonymous8157604146577728969webdriver-profile/extensions/fxdriver@googlecode.com/components/httpd.js:2054)
	at &lt;anonymous class&gt;.ServerHandler.prototype.handleResponse(file:///var/folders/k6/507x0h4145jcr2dx9xx7wy_80000gn/T/anonymous8157604146577728969webdriver-profile/extensions/fxdriver@googlecode.com/components/httpd.js:2387)
	at &lt;anonymous class&gt;.Connection.prototype.process(file:///var/folders/k6/507x0h4145jcr2dx9xx7wy_80000gn/T/anonymous8157604146577728969webdriver-profile/extensions/fxdriver@googlecode.com/components/httpd.js:1223)
	at &lt;anonymous class&gt;.RequestReader.prototype._handleResponse(file:///var/folders/k6/507x0h4145jcr2dx9xx7wy_80000gn/T/anonymous8157604146577728969webdriver-profile/extensions/fxdriver@googlecode.com/components/httpd.js:1677)
	at &lt;anonymous class&gt;.RequestReader.prototype._processBody(file:///var/folders/k6/507x0h4145jcr2dx9xx7wy_80000gn/T/anonymous8157604146577728969webdriver-profile/extensions/fxdriver@googlecode.com/components/httpd.js:1525)
	at &lt;anonymous class&gt;.RequestReader.prototype.onInputStreamReady(file:///var/folders/k6/507x0h4145jcr2dx9xx7wy_80000gn/T/anonymous8157604146577728969webdriver-profile/extensions/fxdriver@googlecode.com/components/httpd.js:1393)
</pre></div><a href='#' onClick='toggleBox("stack-trace1634723627", this, "Click to show all stack frames", "Click to hide stack frames")'>Click to show all stack frames</a>
<div class='stack-trace' id='stack-trace1634723627'><pre>org.openqa.selenium.NoSuchWindowException: Window not found. The browser window may have been closed.
Command duration or timeout: 16 milliseconds
Build info: version: &apos;2.47.1&apos;, revision: &apos;411b314&apos;, time: &apos;2015-07-30 02:56:46&apos;
System info: host: &apos;thecanbutler.local&apos;, ip: &apos;10.0.0.5&apos;, os.name: &apos;Mac OS X&apos;, os.arch: &apos;x86_64&apos;, os.version: &apos;10.11.1&apos;, java.version: &apos;1.8.0_31&apos;
Driver info: org.openqa.selenium.firefox.FirefoxDriver
Capabilities [{applicationCacheEnabled=true, rotatable=false, handlesAlerts=true, databaseEnabled=true, version=38.0.5, platform=MAC, nativeEvents=false, acceptSslCerts=true, webStorageEnabled=true, locationContextEnabled=true, browserName=firefox, takesScreenshot=true, javascriptEnabled=true, cssSelectorsEnabled=true}]
Session ID: f8e226f4-dfeb-8c41-b4b0-99d5eeb81b0d
	at sun.reflect.NativeConstructorAccessorImpl.newInstance0(Native Method)
	at sun.reflect.NativeConstructorAccessorImpl.newInstance(NativeConstructorAccessorImpl.java:62)
	at sun.reflect.DelegatingConstructorAccessorImpl.newInstance(DelegatingConstructorAccessorImpl.java:45)
	at java.lang.reflect.Constructor.newInstance(Constructor.java:408)
	at org.openqa.selenium.remote.ErrorHandler.createThrowable(ErrorHandler.java:206)
	at org.openqa.selenium.remote.ErrorHandler.throwIfResponseFailed(ErrorHandler.java:158)
	at org.openqa.selenium.remote.RemoteWebDriver.execute(RemoteWebDriver.java:595)
	at org.openqa.selenium.remote.RemoteWebDriver$RemoteWebDriverOptions$RemoteWindow.maximize(RemoteWebDriver.java:833)
	at com.model.LandingPage.loginWordpress(LandingPage.java:19)
	at sun.reflect.NativeMethodAccessorImpl.invoke0(Native Method)
	at sun.reflect.NativeMethodAccessorImpl.invoke(NativeMethodAccessorImpl.java:62)
	at sun.reflect.DelegatingMethodAccessorImpl.invoke(DelegatingMethodAccessorImpl.java:43)
	at java.lang.reflect.Method.invoke(Method.java:483)
	at org.testng.internal.MethodInvocationHelper.invokeMethod(MethodInvocationHelper.java:85)
	at org.testng.internal.Invoker.invokeMethod(Invoker.java:639)
	at org.testng.internal.Invoker.invokeTestMethod(Invoker.java:816)
	at org.testng.internal.Invoker.invokeTestMethods(Invoker.java:1124)
	at org.testng.internal.TestMethodWorker.invokeTestMethods(TestMethodWorker.java:124)
	at org.testng.internal.TestMethodWorker.run(TestMethodWorker.java:108)
	at org.testng.TestRunner.privateRun(TestRunner.java:773)
	at org.testng.TestRunner.run(TestRunner.java:623)
	at org.testng.SuiteRunner.runTest(SuiteRunner.java:359)
	at org.testng.SuiteRunner.runSequentially(SuiteRunner.java:354)
	at org.testng.SuiteRunner.privateRun(SuiteRunner.java:312)
	at org.testng.SuiteRunner.run(SuiteRunner.java:261)
	at org.testng.SuiteRunnerWorker.runSuite(SuiteRunnerWorker.java:52)
	at org.testng.SuiteRunnerWorker.run(SuiteRunnerWorker.java:86)
	at org.testng.TestNG.runSuitesSequentially(TestNG.java:1185)
	at org.testng.TestNG.runSuitesLocally(TestNG.java:1110)
	at org.testng.TestNG.run(TestNG.java:1018)
	at org.testng.remote.RemoteTestNG.run(RemoteTestNG.java:112)
	at org.testng.remote.RemoteTestNG.initAndRun(RemoteTestNG.java:205)
	at org.testng.remote.RemoteTestNG.main(RemoteTestNG.java:176)
Caused by: org.openqa.selenium.NoSuchWindowException: Window not found. The browser window may have been closed.
Build info: version: &apos;2.47.1&apos;, revision: &apos;411b314&apos;, time: &apos;2015-07-30 02:56:46&apos;
System info: host: &apos;thecanbutler.local&apos;, ip: &apos;10.0.0.5&apos;, os.name: &apos;Mac OS X&apos;, os.arch: &apos;x86_64&apos;, os.version: &apos;10.11.1&apos;, java.version: &apos;1.8.0_31&apos;
Driver info: driver.version: unknown
	at &lt;anonymous class&gt;.nsCommandProcessor.prototype.execute(file:///var/folders/k6/507x0h4145jcr2dx9xx7wy_80000gn/T/anonymous8157604146577728969webdriver-profile/extensions/fxdriver@googlecode.com/components/command-processor.js:12711)
	at &lt;anonymous class&gt;.Dispatcher.executeAs/&lt;(file:///var/folders/k6/507x0h4145jcr2dx9xx7wy_80000gn/T/anonymous8157604146577728969webdriver-profile/extensions/fxdriver@googlecode.com/components/driver-component.js:9456)
	at &lt;anonymous class&gt;.Resource.prototype.handle(file:///var/folders/k6/507x0h4145jcr2dx9xx7wy_80000gn/T/anonymous8157604146577728969webdriver-profile/extensions/fxdriver@googlecode.com/components/driver-component.js:9603)
	at &lt;anonymous class&gt;.Dispatcher.prototype.dispatch(file:///var/folders/k6/507x0h4145jcr2dx9xx7wy_80000gn/T/anonymous8157604146577728969webdriver-profile/extensions/fxdriver@googlecode.com/components/driver-component.js:9550)
	at &lt;anonymous class&gt;.WebDriverServer/&lt;.handle(file:///var/folders/k6/507x0h4145jcr2dx9xx7wy_80000gn/T/anonymous8157604146577728969webdriver-profile/extensions/fxdriver@googlecode.com/components/driver-component.js:12497)
	at &lt;anonymous class&gt;.createHandlerFunc/&lt;(file:///var/folders/k6/507x0h4145jcr2dx9xx7wy_80000gn/T/anonymous8157604146577728969webdriver-profile/extensions/fxdriver@googlecode.com/components/httpd.js:2054)
	at &lt;anonymous class&gt;.ServerHandler.prototype.handleResponse(file:///var/folders/k6/507x0h4145jcr2dx9xx7wy_80000gn/T/anonymous8157604146577728969webdriver-profile/extensions/fxdriver@googlecode.com/components/httpd.js:2387)
	at &lt;anonymous class&gt;.Connection.prototype.process(file:///var/folders/k6/507x0h4145jcr2dx9xx7wy_80000gn/T/anonymous8157604146577728969webdriver-profile/extensions/fxdriver@googlecode.com/components/httpd.js:1223)
	at &lt;anonymous class&gt;.RequestReader.prototype._handleResponse(file:///var/folders/k6/507x0h4145jcr2dx9xx7wy_80000gn/T/anonymous8157604146577728969webdriver-profile/extensions/fxdriver@googlecode.com/components/httpd.js:1677)
	at &lt;anonymous class&gt;.RequestReader.prototype._processBody(file:///var/folders/k6/507x0h4145jcr2dx9xx7wy_80000gn/T/anonymous8157604146577728969webdriver-profile/extensions/fxdriver@googlecode.com/components/httpd.js:1525)
	at &lt;anonymous class&gt;.RequestReader.prototype.onInputStreamReady(file:///var/folders/k6/507x0h4145jcr2dx9xx7wy_80000gn/T/anonymous8157604146577728969webdriver-profile/extensions/fxdriver@googlecode.com/components/httpd.js:1393)
</pre></div></td>
<td>0</td>
<td>com.model.LandingPage@23e84203</td></tr>
<tr>
<td title='com.model.LandingPage.loginWordpress()'><b>loginWordpress</b><br>Test class: com.model.LandingPage<br>Parameters: seleniumpoi, taduS098</td>
<td><div><pre>org.openqa.selenium.NoSuchWindowException: Window not found. The browser window may have been closed.
Command duration or timeout: 16 milliseconds
Build info: version: &apos;2.47.1&apos;, revision: &apos;411b314&apos;, time: &apos;2015-07-30 02:56:46&apos;
System info: host: &apos;thecanbutler.local&apos;, ip: &apos;10.0.0.5&apos;, os.name: &apos;Mac OS X&apos;, os.arch: &apos;x86_64&apos;, os.version: &apos;10.11.1&apos;, java.version: &apos;1.8.0_31&apos;
Driver info: org.openqa.selenium.firefox.FirefoxDriver
Capabilities [{applicationCacheEnabled=true, rotatable=false, handlesAlerts=true, databaseEnabled=true, version=38.0.5, platform=MAC, nativeEvents=false, acceptSslCerts=true, webStorageEnabled=true, locationContextEnabled=true, browserName=firefox, takesScreenshot=true, javascriptEnabled=true, cssSelectorsEnabled=true}]
Session ID: f8e226f4-dfeb-8c41-b4b0-99d5eeb81b0d
	at sun.reflect.NativeConstructorAccessorImpl.newInstance0(Native Method)
	at sun.reflect.NativeConstructorAccessorImpl.newInstance(NativeConstructorAccessorImpl.java:62)
	at sun.reflect.DelegatingConstructorAccessorImpl.newInstance(DelegatingConstructorAccessorImpl.java:45)
	at java.lang.reflect.Constructor.newInstance(Constructor.java:408)
	at org.openqa.selenium.remote.ErrorHandler.createThrowable(ErrorHandler.java:206)
	at org.openqa.selenium.remote.ErrorHandler.throwIfResponseFailed(ErrorHandler.java:158)
	at org.openqa.selenium.remote.RemoteWebDriver.execute(RemoteWebDriver.java:595)
	at org.openqa.selenium.remote.RemoteWebDriver$RemoteWebDriverOptions$RemoteWindow.maximize(RemoteWebDriver.java:833)
	at com.model.LandingPage.loginWordpress(LandingPage.java:19)
	at sun.reflect.NativeMethodAccessorImpl.invoke0(Native Method)
	at sun.reflect.NativeMethodAccessorImpl.invoke(NativeMethodAccessorImpl.java:62)
	at sun.reflect.DelegatingMethodAccessorImpl.invoke(DelegatingMethodAccessorImpl.java:43)
	at java.lang.reflect.Method.invoke(Method.java:483)
	at org.testng.internal.MethodInvocationHelper.invokeMethod(MethodInvocationHelper.java:85)
	at org.testng.internal.Invoker.invokeMethod(Invoker.java:639)
	at org.testng.internal.Invoker.invokeTestMethod(Invoker.java:816)
	at org.testng.internal.Invoker.invokeTestMethods(Invoker.java:1124)
	at org.testng.internal.TestMethodWorker.invokeTestMethods(TestMethodWorker.java:124)
	at org.testng.internal.TestMethodWorker.run(TestMethodWorker.java:108)
	at org.testng.TestRunner.privateRun(TestRunner.java:773)
	at org.testng.TestRunner.run(TestRunner.java:623)
	at org.testng.SuiteRunner.runTest(SuiteRunner.java:359)
	at org.testng.SuiteRunner.runSequentially(SuiteRunner.java:354)
	at org.testng.SuiteRunner.privateRun(SuiteRunner.java:312)
	at org.testng.SuiteRunner.run(SuiteRunner.java:261)
	at org.testng.SuiteRunnerWorker.runSuite(SuiteRunnerWorker.java:52)
	at org.testng.SuiteRunnerWorker.run(SuiteRunnerWorker.java:86)
	at org.testng.TestNG.runSuitesSequentially(TestNG.java:1185)
	at org.testng.TestNG.runSuitesLocally(TestNG.java:1110)
	at org.testng.TestNG.run(TestNG.java:1018)
	at org.testng.remote.RemoteTestNG.run(RemoteTestNG.java:112)
	at org.testng.remote.RemoteTestNG.initAndRun(RemoteTestNG.java:205)
	at org.testng.remote.RemoteTestNG.main(RemoteTestNG.java:176)
Caused by: org.openqa.selenium.NoSuchWindowException: Window not found. The browser window may have been closed.
Build info: version: &apos;2.47.1&apos;, revision: &apos;411b314&apos;, time: &apos;2015-07-30 02:56:46&apos;
System info: host: &apos;thecanbutler.local&apos;, ip: &apos;10.0.0.5&apos;, os.name: &apos;Mac OS X&apos;, os.arch: &apos;x86_64&apos;, os.version: &apos;10.11.1&apos;, java.version: &apos;1.8.0_31&apos;
Driver info: driver.version: unknown
	at &lt;anonymous class&gt;.nsCommandProcessor.prototype.execute(file:///var/folders/k6/507x0h4145jcr2dx9xx7wy_80000gn/T/anonymous8157604146577728969webdriver-profile/extensions/fxdriver@googlecode.com/components/command-processor.js:12711)
	at &lt;anonymous class&gt;.Dispatcher.executeAs/&lt;(file:///var/folders/k6/507x0h4145jcr2dx9xx7wy_80000gn/T/anonymous8157604146577728969webdriver-profile/extensions/fxdriver@googlecode.com/components/driver-component.js:9456)
	at &lt;anonymous class&gt;.Resource.prototype.handle(file:///var/folders/k6/507x0h4145jcr2dx9xx7wy_80000gn/T/anonymous8157604146577728969webdriver-profile/extensions/fxdriver@googlecode.com/components/driver-component.js:9603)
	at &lt;anonymous class&gt;.Dispatcher.prototype.dispatch(file:///var/folders/k6/507x0h4145jcr2dx9xx7wy_80000gn/T/anonymous8157604146577728969webdriver-profile/extensions/fxdriver@googlecode.com/components/driver-component.js:9550)
	at &lt;anonymous class&gt;.WebDriverServer/&lt;.handle(file:///var/folders/k6/507x0h4145jcr2dx9xx7wy_80000gn/T/anonymous8157604146577728969webdriver-profile/extensions/fxdriver@googlecode.com/components/driver-component.js:12497)
	at &lt;anonymous class&gt;.createHandlerFunc/&lt;(file:///var/folders/k6/507x0h4145jcr2dx9xx7wy_80000gn/T/anonymous8157604146577728969webdriver-profile/extensions/fxdriver@googlecode.com/components/httpd.js:2054)
	at &lt;anonymous class&gt;.ServerHandler.prototype.handleResponse(file:///var/folders/k6/507x0h4145jcr2dx9xx7wy_80000gn/T/anonymous8157604146577728969webdriver-profile/extensions/fxdriver@googlecode.com/components/httpd.js:2387)
	at &lt;anonymous class&gt;.Connection.prototype.process(file:///var/folders/k6/507x0h4145jcr2dx9xx7wy_80000gn/T/anonymous8157604146577728969webdriver-profile/extensions/fxdriver@googlecode.com/components/httpd.js:1223)
	at &lt;anonymous class&gt;.RequestReader.prototype._handleResponse(file:///var/folders/k6/507x0h4145jcr2dx9xx7wy_80000gn/T/anonymous8157604146577728969webdriver-profile/extensions/fxdriver@googlecode.com/components/httpd.js:1677)
	at &lt;anonymous class&gt;.RequestReader.prototype._processBody(file:///var/folders/k6/507x0h4145jcr2dx9xx7wy_80000gn/T/anonymous8157604146577728969webdriver-profile/extensions/fxdriver@googlecode.com/components/httpd.js:1525)
	at &lt;anonymous class&gt;.RequestReader.prototype.onInputStreamReady(file:///var/folders/k6/507x0h4145jcr2dx9xx7wy_80000gn/T/anonymous8157604146577728969webdriver-profile/extensions/fxdriver@googlecode.com/components/httpd.js:1393)
</pre></div><a href='#' onClick='toggleBox("stack-trace2036775591", this, "Click to show all stack frames", "Click to hide stack frames")'>Click to show all stack frames</a>
<div class='stack-trace' id='stack-trace2036775591'><pre>org.openqa.selenium.NoSuchWindowException: Window not found. The browser window may have been closed.
Command duration or timeout: 16 milliseconds
Build info: version: &apos;2.47.1&apos;, revision: &apos;411b314&apos;, time: &apos;2015-07-30 02:56:46&apos;
System info: host: &apos;thecanbutler.local&apos;, ip: &apos;10.0.0.5&apos;, os.name: &apos;Mac OS X&apos;, os.arch: &apos;x86_64&apos;, os.version: &apos;10.11.1&apos;, java.version: &apos;1.8.0_31&apos;
Driver info: org.openqa.selenium.firefox.FirefoxDriver
Capabilities [{applicationCacheEnabled=true, rotatable=false, handlesAlerts=true, databaseEnabled=true, version=38.0.5, platform=MAC, nativeEvents=false, acceptSslCerts=true, webStorageEnabled=true, locationContextEnabled=true, browserName=firefox, takesScreenshot=true, javascriptEnabled=true, cssSelectorsEnabled=true}]
Session ID: f8e226f4-dfeb-8c41-b4b0-99d5eeb81b0d
	at sun.reflect.NativeConstructorAccessorImpl.newInstance0(Native Method)
	at sun.reflect.NativeConstructorAccessorImpl.newInstance(NativeConstructorAccessorImpl.java:62)
	at sun.reflect.DelegatingConstructorAccessorImpl.newInstance(DelegatingConstructorAccessorImpl.java:45)
	at java.lang.reflect.Constructor.newInstance(Constructor.java:408)
	at org.openqa.selenium.remote.ErrorHandler.createThrowable(ErrorHandler.java:206)
	at org.openqa.selenium.remote.ErrorHandler.throwIfResponseFailed(ErrorHandler.java:158)
	at org.openqa.selenium.remote.RemoteWebDriver.execute(RemoteWebDriver.java:595)
	at org.openqa.selenium.remote.RemoteWebDriver$RemoteWebDriverOptions$RemoteWindow.maximize(RemoteWebDriver.java:833)
	at com.model.LandingPage.loginWordpress(LandingPage.java:19)
	at sun.reflect.NativeMethodAccessorImpl.invoke0(Native Method)
	at sun.reflect.NativeMethodAccessorImpl.invoke(NativeMethodAccessorImpl.java:62)
	at sun.reflect.DelegatingMethodAccessorImpl.invoke(DelegatingMethodAccessorImpl.java:43)
	at java.lang.reflect.Method.invoke(Method.java:483)
	at org.testng.internal.MethodInvocationHelper.invokeMethod(MethodInvocationHelper.java:85)
	at org.testng.internal.Invoker.invokeMethod(Invoker.java:639)
	at org.testng.internal.Invoker.invokeTestMethod(Invoker.java:816)
	at org.testng.internal.Invoker.invokeTestMethods(Invoker.java:1124)
	at org.testng.internal.TestMethodWorker.invokeTestMethods(TestMethodWorker.java:124)
	at org.testng.internal.TestMethodWorker.run(TestMethodWorker.java:108)
	at org.testng.TestRunner.privateRun(TestRunner.java:773)
	at org.testng.TestRunner.run(TestRunner.java:623)
	at org.testng.SuiteRunner.runTest(SuiteRunner.java:359)
	at org.testng.SuiteRunner.runSequentially(SuiteRunner.java:354)
	at org.testng.SuiteRunner.privateRun(SuiteRunner.java:312)
	at org.testng.SuiteRunner.run(SuiteRunner.java:261)
	at org.testng.SuiteRunnerWorker.runSuite(SuiteRunnerWorker.java:52)
	at org.testng.SuiteRunnerWorker.run(SuiteRunnerWorker.java:86)
	at org.testng.TestNG.runSuitesSequentially(TestNG.java:1185)
	at org.testng.TestNG.runSuitesLocally(TestNG.java:1110)
	at org.testng.TestNG.run(TestNG.java:1018)
	at org.testng.remote.RemoteTestNG.run(RemoteTestNG.java:112)
	at org.testng.remote.RemoteTestNG.initAndRun(RemoteTestNG.java:205)
	at org.testng.remote.RemoteTestNG.main(RemoteTestNG.java:176)
Caused by: org.openqa.selenium.NoSuchWindowException: Window not found. The browser window may have been closed.
Build info: version: &apos;2.47.1&apos;, revision: &apos;411b314&apos;, time: &apos;2015-07-30 02:56:46&apos;
System info: host: &apos;thecanbutler.local&apos;, ip: &apos;10.0.0.5&apos;, os.name: &apos;Mac OS X&apos;, os.arch: &apos;x86_64&apos;, os.version: &apos;10.11.1&apos;, java.version: &apos;1.8.0_31&apos;
Driver info: driver.version: unknown
	at &lt;anonymous class&gt;.nsCommandProcessor.prototype.execute(file:///var/folders/k6/507x0h4145jcr2dx9xx7wy_80000gn/T/anonymous8157604146577728969webdriver-profile/extensions/fxdriver@googlecode.com/components/command-processor.js:12711)
	at &lt;anonymous class&gt;.Dispatcher.executeAs/&lt;(file:///var/folders/k6/507x0h4145jcr2dx9xx7wy_80000gn/T/anonymous8157604146577728969webdriver-profile/extensions/fxdriver@googlecode.com/components/driver-component.js:9456)
	at &lt;anonymous class&gt;.Resource.prototype.handle(file:///var/folders/k6/507x0h4145jcr2dx9xx7wy_80000gn/T/anonymous8157604146577728969webdriver-profile/extensions/fxdriver@googlecode.com/components/driver-component.js:9603)
	at &lt;anonymous class&gt;.Dispatcher.prototype.dispatch(file:///var/folders/k6/507x0h4145jcr2dx9xx7wy_80000gn/T/anonymous8157604146577728969webdriver-profile/extensions/fxdriver@googlecode.com/components/driver-component.js:9550)
	at &lt;anonymous class&gt;.WebDriverServer/&lt;.handle(file:///var/folders/k6/507x0h4145jcr2dx9xx7wy_80000gn/T/anonymous8157604146577728969webdriver-profile/extensions/fxdriver@googlecode.com/components/driver-component.js:12497)
	at &lt;anonymous class&gt;.createHandlerFunc/&lt;(file:///var/folders/k6/507x0h4145jcr2dx9xx7wy_80000gn/T/anonymous8157604146577728969webdriver-profile/extensions/fxdriver@googlecode.com/components/httpd.js:2054)
	at &lt;anonymous class&gt;.ServerHandler.prototype.handleResponse(file:///var/folders/k6/507x0h4145jcr2dx9xx7wy_80000gn/T/anonymous8157604146577728969webdriver-profile/extensions/fxdriver@googlecode.com/components/httpd.js:2387)
	at &lt;anonymous class&gt;.Connection.prototype.process(file:///var/folders/k6/507x0h4145jcr2dx9xx7wy_80000gn/T/anonymous8157604146577728969webdriver-profile/extensions/fxdriver@googlecode.com/components/httpd.js:1223)
	at &lt;anonymous class&gt;.RequestReader.prototype._handleResponse(file:///var/folders/k6/507x0h4145jcr2dx9xx7wy_80000gn/T/anonymous8157604146577728969webdriver-profile/extensions/fxdriver@googlecode.com/components/httpd.js:1677)
	at &lt;anonymous class&gt;.RequestReader.prototype._processBody(file:///var/folders/k6/507x0h4145jcr2dx9xx7wy_80000gn/T/anonymous8157604146577728969webdriver-profile/extensions/fxdriver@googlecode.com/components/httpd.js:1525)
	at &lt;anonymous class&gt;.RequestReader.prototype.onInputStreamReady(file:///var/folders/k6/507x0h4145jcr2dx9xx7wy_80000gn/T/anonymous8157604146577728969webdriver-profile/extensions/fxdriver@googlecode.com/components/httpd.js:1393)
</pre></div></td>
<td>0</td>
<td>com.model.LandingPage@23e84203</td></tr>
</table><p>
<table width='100%' border='1' class='invocation-passed'>
<tr><td colspan='4' align='center'><b>PASSED TESTS</b></td></tr>
<tr><td><b>Test method</b></td>
<td width="30%"><b>Exception</b></td>
<td width="10%"><b>Time (seconds)</b></td>
<td><b>Instance</b></td>
</tr>
<tr>
<td title='com.model.modifyProfile.changeProfile()'><b>changeProfile</b><br>Test class: com.model.modifyProfile<br>Parameters: seleniumpoi, taduS098</td>
<td></td>
<td>5</td>
<td>com.model.modifyProfile@792b749c</td></tr>
</table><p>
</body>
</html>